{"/home/nilton/Documentos/crudfastify-mongodb/backend/src/app.ts": {"path":"/home/nilton/Documentos/crudfastify-mongodb/backend/src/app.ts","statementMap":{"0":{"start":{"line":17,"column":14},"end":{"line":27,"column":4}},"1":{"start":{"line":20,"column":20},"end":{"line":20,"column":32}},"2":{"start":{"line":30,"column":2},"end":{"line":30,"column":36}},"3":{"start":{"line":31,"column":2},"end":{"line":31,"column":32}},"4":{"start":{"line":34,"column":2},"end":{"line":44,"column":5}},"5":{"start":{"line":46,"column":2},"end":{"line":46,"column":33}},"6":{"start":{"line":47,"column":2},"end":{"line":47,"column":38}},"7":{"start":{"line":48,"column":2},"end":{"line":48,"column":38}},"8":{"start":{"line":51,"column":2},"end":{"line":51,"column":32}},"9":{"start":{"line":52,"column":2},"end":{"line":52,"column":36}},"10":{"start":{"line":53,"column":2},"end":{"line":53,"column":32}},"11":{"start":{"line":56,"column":2},"end":{"line":56,"column":32}},"12":{"start":{"line":58,"column":2},"end":{"line":58,"column":20}},"13":{"start":{"line":60,"column":2},"end":{"line":60,"column":13}}},"fnMap":{"0":{"name":"buildApp","decl":{"start":{"line":16,"column":22},"end":{"line":16,"column":30}},"loc":{"start":{"line":16,"column":30},"end":{"line":61,"column":1}}},"1":{"name":"(anonymous_1)","decl":{"start":{"line":20,"column":14},"end":{"line":20,"column":17}},"loc":{"start":{"line":20,"column":20},"end":{"line":20,"column":32}}}},"branchMap":{"0":{"loc":{"start":{"line":22,"column":12},"end":{"line":26,"column":27}},"type":"cond-expr","locations":[{"start":{"line":23,"column":8},"end":{"line":23,"column":25}},{"start":{"line":24,"column":8},"end":{"line":26,"column":27}}]},"1":{"loc":{"start":{"line":24,"column":8},"end":{"line":26,"column":27}},"type":"cond-expr","locations":[{"start":{"line":25,"column":10},"end":{"line":25,"column":15}},{"start":{"line":26,"column":10},"end":{"line":26,"column":27}}]},"2":{"loc":{"start":{"line":35,"column":27},"end":{"line":43,"column":null}},"type":"cond-expr","locations":[{"start":{"line":35,"column":61},"end":{"line":35,"column":66}},{"start":{"line":35,"column":69},"end":{"line":43,"column":null}}]}},"s":{"0":8,"1":16,"2":8,"3":8,"4":8,"5":8,"6":8,"7":8,"8":8,"9":8,"10":8,"11":8,"12":8,"13":8},"f":{"0":8,"1":16},"b":{"0":[0,8],"1":[8,0],"2":[8,0]}}
,"/home/nilton/Documentos/crudfastify-mongodb/backend/src/config/env.ts": {"path":"/home/nilton/Documentos/crudfastify-mongodb/backend/src/config/env.ts","statementMap":{"0":{"start":{"line":5,"column":0},"end":{"line":5,"column":16}},"1":{"start":{"line":8,"column":24},"end":{"line":8,"column":50}},"2":{"start":{"line":10,"column":18},"end":{"line":25,"column":2}},"3":{"start":{"line":28,"column":15},"end":{"line":28,"column":47}},"4":{"start":{"line":30,"column":0},"end":{"line":41,"column":1}},"5":{"start":{"line":32,"column":17},"end":{"line":32,"column":51}},"6":{"start":{"line":34,"column":2},"end":{"line":37,"column":4}},"7":{"start":{"line":40,"column":2},"end":{"line":40,"column":18}},"8":{"start":{"line":48,"column":19},"end":{"line":48,"column":45}}},"fnMap":{},"branchMap":{"0":{"loc":{"start":{"line":30,"column":0},"end":{"line":41,"column":1}},"type":"if","locations":[{"start":{"line":30,"column":0},"end":{"line":41,"column":1}}]}},"s":{"0":8,"1":8,"2":8,"3":8,"4":8,"5":0,"6":0,"7":0,"8":8},"f":{},"b":{"0":[0]}}
,"/home/nilton/Documentos/crudfastify-mongodb/backend/src/controllers/admin.controller.ts": {"path":"/home/nilton/Documentos/crudfastify-mongodb/backend/src/controllers/admin.controller.ts","statementMap":{"0":{"start":{"line":13,"column":19},"end":{"line":13,"column":81}},"1":{"start":{"line":16,"column":22},"end":{"line":18,"column":2}},"2":{"start":{"line":20,"column":23},"end":{"line":24,"column":2}},"3":{"start":{"line":26,"column":20},"end":{"line":29,"column":2}},"4":{"start":{"line":31,"column":26},"end":{"line":33,"column":2}},"5":{"start":{"line":37,"column":21},"end":{"line":37,"column":47}},"6":{"start":{"line":38,"column":21},"end":{"line":38,"column":53}},"7":{"start":{"line":46,"column":23},"end":{"line":46,"column":43}},"8":{"start":{"line":47,"column":24},"end":{"line":47,"column":59}},"9":{"start":{"line":48,"column":20},"end":{"line":48,"column":72}},"10":{"start":{"line":50,"column":4},"end":{"line":50,"column":69}},"11":{"start":{"line":52,"column":4},"end":{"line":55,"column":7}},"12":{"start":{"line":60,"column":18},"end":{"line":72,"column":3}},"13":{"start":{"line":61,"column":4},"end":{"line":71,"column":5}},"14":{"start":{"line":62,"column":40},"end":{"line":62,"column":48}},"15":{"start":{"line":63,"column":29},"end":{"line":63,"column":60}},"16":{"start":{"line":64,"column":20},"end":{"line":66,"column":8}},"17":{"start":{"line":68,"column":6},"end":{"line":68,"column":100}},"18":{"start":{"line":70,"column":6},"end":{"line":70,"column":59}},"19":{"start":{"line":74,"column":15},"end":{"line":97,"column":3}},"20":{"start":{"line":75,"column":4},"end":{"line":96,"column":5}},"21":{"start":{"line":76,"column":34},"end":{"line":76,"column":42}},"22":{"start":{"line":77,"column":20},"end":{"line":77,"column":77}},"23":{"start":{"line":79,"column":28},"end":{"line":79,"column":57}},"24":{"start":{"line":80,"column":30},"end":{"line":80,"column":75}},"25":{"start":{"line":82,"column":6},"end":{"line":85,"column":7}},"26":{"start":{"line":83,"column":8},"end":{"line":83,"column":62}},"27":{"start":{"line":84,"column":8},"end":{"line":84,"column":92}},"28":{"start":{"line":87,"column":20},"end":{"line":91,"column":8}},"29":{"start":{"line":93,"column":6},"end":{"line":93,"column":62}},"30":{"start":{"line":95,"column":6},"end":{"line":95,"column":56}},"31":{"start":{"line":99,"column":20},"end":{"line":107,"column":3}},"32":{"start":{"line":100,"column":4},"end":{"line":106,"column":5}},"33":{"start":{"line":102,"column":22},"end":{"line":102,"column":74}},"34":{"start":{"line":103,"column":6},"end":{"line":103,"column":70}},"35":{"start":{"line":105,"column":6},"end":{"line":105,"column":61}},"36":{"start":{"line":109,"column":17},"end":{"line":116,"column":3}},"37":{"start":{"line":110,"column":4},"end":{"line":115,"column":5}},"38":{"start":{"line":111,"column":21},"end":{"line":111,"column":60}},"39":{"start":{"line":112,"column":6},"end":{"line":112,"column":69}},"40":{"start":{"line":114,"column":6},"end":{"line":114,"column":58}},"41":{"start":{"line":118,"column":22},"end":{"line":128,"column":3}},"42":{"start":{"line":122,"column":4},"end":{"line":127,"column":5}},"43":{"start":{"line":123,"column":22},"end":{"line":123,"column":89}},"44":{"start":{"line":124,"column":6},"end":{"line":124,"column":70}},"45":{"start":{"line":126,"column":6},"end":{"line":126,"column":63}},"46":{"start":{"line":132,"column":16},"end":{"line":139,"column":3}},"47":{"start":{"line":133,"column":4},"end":{"line":138,"column":5}},"48":{"start":{"line":134,"column":20},"end":{"line":134,"column":58}},"49":{"start":{"line":135,"column":6},"end":{"line":135,"column":68}},"50":{"start":{"line":137,"column":6},"end":{"line":137,"column":57}},"51":{"start":{"line":141,"column":15},"end":{"line":148,"column":3}},"52":{"start":{"line":142,"column":4},"end":{"line":147,"column":5}},"53":{"start":{"line":143,"column":6},"end":{"line":143,"column":56}},"54":{"start":{"line":144,"column":6},"end":{"line":144,"column":84}},"55":{"start":{"line":146,"column":6},"end":{"line":146,"column":56}},"56":{"start":{"line":150,"column":19},"end":{"line":157,"column":3}},"57":{"start":{"line":151,"column":4},"end":{"line":156,"column":5}},"58":{"start":{"line":152,"column":23},"end":{"line":152,"column":64}},"59":{"start":{"line":153,"column":6},"end":{"line":153,"column":71}},"60":{"start":{"line":155,"column":6},"end":{"line":155,"column":60}},"61":{"start":{"line":159,"column":18},"end":{"line":166,"column":3}},"62":{"start":{"line":160,"column":4},"end":{"line":165,"column":5}},"63":{"start":{"line":161,"column":6},"end":{"line":161,"column":59}},"64":{"start":{"line":162,"column":6},"end":{"line":162,"column":84}},"65":{"start":{"line":164,"column":6},"end":{"line":164,"column":59}}},"fnMap":{"0":{"name":"(anonymous_0)","decl":{"start":{"line":36,"column":2},"end":{"line":36,"column":null}},"loc":{"start":{"line":38,"column":53},"end":{"line":39,"column":6}}},"1":{"name":"(anonymous_1)","decl":{"start":{"line":45,"column":10},"end":{"line":45,"column":21}},"loc":{"start":{"line":45,"column":72},"end":{"line":56,"column":3}}},"2":{"name":"(anonymous_2)","decl":{"start":{"line":60,"column":18},"end":{"line":60,"column":23}},"loc":{"start":{"line":60,"column":111},"end":{"line":72,"column":3}}},"3":{"name":"(anonymous_3)","decl":{"start":{"line":74,"column":15},"end":{"line":74,"column":20}},"loc":{"start":{"line":74,"column":105},"end":{"line":97,"column":3}}},"4":{"name":"(anonymous_4)","decl":{"start":{"line":99,"column":20},"end":{"line":99,"column":25}},"loc":{"start":{"line":99,"column":71},"end":{"line":107,"column":3}}},"5":{"name":"(anonymous_5)","decl":{"start":{"line":109,"column":17},"end":{"line":109,"column":22}},"loc":{"start":{"line":109,"column":69},"end":{"line":116,"column":3}}},"6":{"name":"(anonymous_6)","decl":{"start":{"line":118,"column":22},"end":{"line":118,"column":27}},"loc":{"start":{"line":121,"column":6},"end":{"line":128,"column":3}}},"7":{"name":"(anonymous_7)","decl":{"start":{"line":132,"column":16},"end":{"line":132,"column":21}},"loc":{"start":{"line":132,"column":68},"end":{"line":139,"column":3}}},"8":{"name":"(anonymous_8)","decl":{"start":{"line":141,"column":15},"end":{"line":141,"column":20}},"loc":{"start":{"line":141,"column":109},"end":{"line":148,"column":3}}},"9":{"name":"(anonymous_9)","decl":{"start":{"line":150,"column":19},"end":{"line":150,"column":24}},"loc":{"start":{"line":150,"column":71},"end":{"line":157,"column":3}}},"10":{"name":"(anonymous_10)","decl":{"start":{"line":159,"column":18},"end":{"line":159,"column":23}},"loc":{"start":{"line":159,"column":112},"end":{"line":166,"column":3}}}},"branchMap":{"0":{"loc":{"start":{"line":47,"column":24},"end":{"line":47,"column":59}},"type":"binary-expr","locations":[{"start":{"line":47,"column":24},"end":{"line":47,"column":52}},{"start":{"line":47,"column":56},"end":{"line":47,"column":59}}]},"1":{"loc":{"start":{"line":48,"column":20},"end":{"line":48,"column":72}},"type":"cond-expr","locations":[{"start":{"line":48,"column":33},"end":{"line":48,"column":44}},{"start":{"line":48,"column":47},"end":{"line":48,"column":72}}]},"2":{"loc":{"start":{"line":54,"column":15},"end":{"line":54,"column":83}},"type":"cond-expr","locations":[{"start":{"line":54,"column":36},"end":{"line":54,"column":73}},{"start":{"line":54,"column":76},"end":{"line":54,"column":83}}]},"3":{"loc":{"start":{"line":79,"column":28},"end":{"line":79,"column":57}},"type":"binary-expr","locations":[{"start":{"line":79,"column":28},"end":{"line":79,"column":43}},{"start":{"line":79,"column":47},"end":{"line":79,"column":57}}]},"4":{"loc":{"start":{"line":82,"column":6},"end":{"line":85,"column":7}},"type":"if","locations":[{"start":{"line":82,"column":6},"end":{"line":85,"column":7}}]},"5":{"loc":{"start":{"line":82,"column":10},"end":{"line":82,"column":36}},"type":"binary-expr","locations":[{"start":{"line":82,"column":10},"end":{"line":82,"column":16}},{"start":{"line":82,"column":20},"end":{"line":82,"column":36}}]}},"s":{"0":9,"1":9,"2":9,"3":9,"4":9,"5":22,"6":22,"7":11,"8":11,"9":11,"10":11,"11":11,"12":22,"13":2,"14":2,"15":2,"16":1,"17":1,"18":1,"19":22,"20":4,"21":4,"22":4,"23":3,"24":3,"25":3,"26":2,"27":2,"28":1,"29":1,"30":1,"31":22,"32":4,"33":4,"34":1,"35":3,"36":22,"37":2,"38":2,"39":1,"40":1,"41":22,"42":2,"43":2,"44":1,"45":1,"46":22,"47":3,"48":3,"49":2,"50":1,"51":22,"52":2,"53":2,"54":1,"55":1,"56":22,"57":2,"58":2,"59":1,"60":1,"61":22,"62":2,"63":2,"64":1,"65":1},"f":{"0":22,"1":11,"2":2,"3":4,"4":4,"5":2,"6":2,"7":3,"8":2,"9":2,"10":2},"b":{"0":[11,11],"1":[11,0],"2":[11,0],"3":[3,1],"4":[2],"5":[3,2]}}
,"/home/nilton/Documentos/crudfastify-mongodb/backend/src/controllers/auth.controller.ts": {"path":"/home/nilton/Documentos/crudfastify-mongodb/backend/src/controllers/auth.controller.ts","statementMap":{"0":{"start":{"line":16,"column":4},"end":{"line":16,"column":56}},"1":{"start":{"line":21,"column":25},"end":{"line":56,"column":3}},"2":{"start":{"line":26,"column":23},"end":{"line":26,"column":58}},"3":{"start":{"line":28,"column":4},"end":{"line":34,"column":5}},"4":{"start":{"line":29,"column":6},"end":{"line":33,"column":9}},"5":{"start":{"line":36,"column":4},"end":{"line":55,"column":5}},"6":{"start":{"line":37,"column":34},"end":{"line":37,"column":61}},"7":{"start":{"line":39,"column":21},"end":{"line":43,"column":null}},"8":{"start":{"line":43,"column":39},"end":{"line":43,"column":82}},"9":{"start":{"line":46,"column":6},"end":{"line":46,"column":54}},"10":{"start":{"line":50,"column":6},"end":{"line":50,"column":62}},"11":{"start":{"line":51,"column":6},"end":{"line":54,"column":9}},"12":{"start":{"line":58,"column":15},"end":{"line":59,"column":40}},"13":{"start":{"line":59,"column":4},"end":{"line":59,"column":40}},"14":{"start":{"line":61,"column":18},"end":{"line":62,"column":43}},"15":{"start":{"line":62,"column":4},"end":{"line":62,"column":43}},"16":{"start":{"line":64,"column":18},"end":{"line":89,"column":3}},"17":{"start":{"line":65,"column":23},"end":{"line":65,"column":61}},"18":{"start":{"line":67,"column":4},"end":{"line":72,"column":5}},"19":{"start":{"line":68,"column":6},"end":{"line":71,"column":9}},"20":{"start":{"line":74,"column":4},"end":{"line":88,"column":5}},"21":{"start":{"line":75,"column":32},"end":{"line":75,"column":47}},"22":{"start":{"line":76,"column":21},"end":{"line":76,"column":63}},"23":{"start":{"line":78,"column":6},"end":{"line":78,"column":69}},"24":{"start":{"line":87,"column":6},"end":{"line":87,"column":70}},"25":{"start":{"line":91,"column":21},"end":{"line":116,"column":3}},"26":{"start":{"line":92,"column":23},"end":{"line":92,"column":61}},"27":{"start":{"line":94,"column":4},"end":{"line":99,"column":5}},"28":{"start":{"line":95,"column":6},"end":{"line":98,"column":9}},"29":{"start":{"line":101,"column":4},"end":{"line":115,"column":5}},"30":{"start":{"line":102,"column":32},"end":{"line":102,"column":47}},"31":{"start":{"line":103,"column":21},"end":{"line":103,"column":66}},"32":{"start":{"line":105,"column":6},"end":{"line":105,"column":69}},"33":{"start":{"line":114,"column":6},"end":{"line":114,"column":70}}},"fnMap":{"0":{"name":"(anonymous_0)","decl":{"start":{"line":13,"column":2},"end":{"line":13,"column":14}},"loc":{"start":{"line":13,"column":39},"end":{"line":17,"column":3}}},"1":{"name":"(anonymous_1)","decl":{"start":{"line":21,"column":25},"end":{"line":21,"column":30}},"loc":{"start":{"line":25,"column":6},"end":{"line":56,"column":3}}},"2":{"name":"(anonymous_2)","decl":{"start":{"line":43,"column":8},"end":{"line":43,"column":13}},"loc":{"start":{"line":43,"column":39},"end":{"line":43,"column":82}}},"3":{"name":"(anonymous_3)","decl":{"start":{"line":58,"column":15},"end":{"line":58,"column":16}},"loc":{"start":{"line":59,"column":4},"end":{"line":59,"column":40}}},"4":{"name":"(anonymous_4)","decl":{"start":{"line":61,"column":18},"end":{"line":61,"column":19}},"loc":{"start":{"line":62,"column":4},"end":{"line":62,"column":43}}},"5":{"name":"(anonymous_5)","decl":{"start":{"line":64,"column":18},"end":{"line":64,"column":23}},"loc":{"start":{"line":64,"column":73},"end":{"line":89,"column":3}}},"6":{"name":"(anonymous_6)","decl":{"start":{"line":91,"column":21},"end":{"line":91,"column":26}},"loc":{"start":{"line":91,"column":76},"end":{"line":116,"column":3}}}},"branchMap":{"0":{"loc":{"start":{"line":16,"column":23},"end":{"line":16,"column":55}},"type":"binary-expr","locations":[{"start":{"line":16,"column":23},"end":{"line":16,"column":34}},{"start":{"line":16,"column":38},"end":{"line":16,"column":55}}]},"1":{"loc":{"start":{"line":28,"column":4},"end":{"line":34,"column":5}},"type":"if","locations":[{"start":{"line":28,"column":4},"end":{"line":34,"column":5}}]},"2":{"loc":{"start":{"line":67,"column":4},"end":{"line":72,"column":5}},"type":"if","locations":[{"start":{"line":67,"column":4},"end":{"line":72,"column":5}}]},"3":{"loc":{"start":{"line":94,"column":4},"end":{"line":99,"column":5}},"type":"if","locations":[{"start":{"line":94,"column":4},"end":{"line":99,"column":5}}]}},"s":{"0":15,"1":15,"2":7,"3":7,"4":1,"5":6,"6":6,"7":6,"8":5,"9":5,"10":1,"11":1,"12":15,"13":5,"14":15,"15":2,"16":15,"17":3,"18":3,"19":1,"20":2,"21":2,"22":2,"23":2,"24":0,"25":15,"26":2,"27":2,"28":0,"29":2,"30":2,"31":2,"32":1,"33":1},"f":{"0":15,"1":7,"2":5,"3":5,"4":2,"5":3,"6":2},"b":{"0":[15,15],"1":[1],"2":[1],"3":[0]}}
,"/home/nilton/Documentos/crudfastify-mongodb/backend/src/controllers/cart.controller.ts": {"path":"/home/nilton/Documentos/crudfastify-mongodb/backend/src/controllers/cart.controller.ts","statementMap":{"0":{"start":{"line":16,"column":31},"end":{"line":16,"column":55}},"1":{"start":{"line":18,"column":12},"end":{"line":27,"column":3}},"2":{"start":{"line":19,"column":4},"end":{"line":26,"column":5}},"3":{"start":{"line":21,"column":21},"end":{"line":21,"column":36}},"4":{"start":{"line":22,"column":19},"end":{"line":22,"column":65}},"5":{"start":{"line":23,"column":6},"end":{"line":23,"column":47}},"6":{"start":{"line":25,"column":6},"end":{"line":25,"column":46}},"7":{"start":{"line":29,"column":12},"end":{"line":44,"column":3}},"8":{"start":{"line":30,"column":4},"end":{"line":43,"column":5}},"9":{"start":{"line":31,"column":21},"end":{"line":31,"column":36}},"10":{"start":{"line":32,"column":38},"end":{"line":32,"column":50}},"11":{"start":{"line":34,"column":19},"end":{"line":34,"column":78}},"12":{"start":{"line":36,"column":6},"end":{"line":40,"column":9}},"13":{"start":{"line":42,"column":6},"end":{"line":42,"column":46}},"14":{"start":{"line":46,"column":15},"end":{"line":60,"column":3}},"15":{"start":{"line":47,"column":4},"end":{"line":59,"column":5}},"16":{"start":{"line":48,"column":21},"end":{"line":48,"column":36}},"17":{"start":{"line":49,"column":28},"end":{"line":49,"column":42}},"18":{"start":{"line":51,"column":19},"end":{"line":51,"column":71}},"19":{"start":{"line":52,"column":6},"end":{"line":56,"column":9}},"20":{"start":{"line":58,"column":6},"end":{"line":58,"column":46}},"21":{"start":{"line":62,"column":14},"end":{"line":73,"column":3}},"22":{"start":{"line":63,"column":4},"end":{"line":72,"column":5}},"23":{"start":{"line":64,"column":21},"end":{"line":64,"column":36}},"24":{"start":{"line":65,"column":6},"end":{"line":65,"column":47}},"25":{"start":{"line":66,"column":6},"end":{"line":69,"column":9}},"26":{"start":{"line":71,"column":6},"end":{"line":71,"column":46}},"27":{"start":{"line":76,"column":16},"end":{"line":76,"column":28}},"28":{"start":{"line":77,"column":4},"end":{"line":77,"column":27}},"29":{"start":{"line":79,"column":23},"end":{"line":79,"column":44}},"30":{"start":{"line":80,"column":20},"end":{"line":82,"column":42}},"31":{"start":{"line":84,"column":4},"end":{"line":87,"column":7}}},"fnMap":{"0":{"name":"(anonymous_0)","decl":{"start":{"line":16,"column":2},"end":{"line":16,"column":31}},"loc":{"start":{"line":16,"column":55},"end":{"line":16,"column":59}}},"1":{"name":"(anonymous_1)","decl":{"start":{"line":18,"column":12},"end":{"line":18,"column":17}},"loc":{"start":{"line":18,"column":82},"end":{"line":27,"column":3}}},"2":{"name":"(anonymous_2)","decl":{"start":{"line":29,"column":12},"end":{"line":29,"column":17}},"loc":{"start":{"line":29,"column":106},"end":{"line":44,"column":3}}},"3":{"name":"(anonymous_3)","decl":{"start":{"line":46,"column":15},"end":{"line":46,"column":20}},"loc":{"start":{"line":46,"column":113},"end":{"line":60,"column":3}}},"4":{"name":"(anonymous_4)","decl":{"start":{"line":62,"column":14},"end":{"line":62,"column":19}},"loc":{"start":{"line":62,"column":84},"end":{"line":73,"column":3}}},"5":{"name":"(anonymous_5)","decl":{"start":{"line":75,"column":10},"end":{"line":75,"column":21}},"loc":{"start":{"line":75,"column":82},"end":{"line":88,"column":3}}}},"branchMap":{"0":{"loc":{"start":{"line":79,"column":23},"end":{"line":79,"column":44}},"type":"binary-expr","locations":[{"start":{"line":79,"column":23},"end":{"line":79,"column":37}},{"start":{"line":79,"column":41},"end":{"line":79,"column":44}}]},"1":{"loc":{"start":{"line":80,"column":20},"end":{"line":82,"column":42}},"type":"cond-expr","locations":[{"start":{"line":81,"column":8},"end":{"line":81,"column":34}},{"start":{"line":82,"column":9},"end":{"line":82,"column":41}}]},"2":{"loc":{"start":{"line":82,"column":9},"end":{"line":82,"column":41}},"type":"binary-expr","locations":[{"start":{"line":82,"column":9},"end":{"line":82,"column":20}},{"start":{"line":82,"column":24},"end":{"line":82,"column":41}}]}},"s":{"0":11,"1":11,"2":2,"3":2,"4":2,"5":1,"6":1,"7":11,"8":1,"9":1,"10":1,"11":1,"12":1,"13":0,"14":11,"15":0,"16":0,"17":0,"18":0,"19":0,"20":0,"21":11,"22":0,"23":0,"24":0,"25":0,"26":0,"27":1,"28":1,"29":1,"30":1,"31":1},"f":{"0":11,"1":2,"2":1,"3":0,"4":0,"5":1},"b":{"0":[1,1],"1":[0,1],"2":[1,0]}}
,"/home/nilton/Documentos/crudfastify-mongodb/backend/src/controllers/checkout.controller.ts": {"path":"/home/nilton/Documentos/crudfastify-mongodb/backend/src/controllers/checkout.controller.ts","statementMap":{"0":{"start":{"line":17,"column":31},"end":{"line":17,"column":63}},"1":{"start":{"line":19,"column":19},"end":{"line":82,"column":3}},"2":{"start":{"line":23,"column":4},"end":{"line":81,"column":5}},"3":{"start":{"line":25,"column":19},"end":{"line":25,"column":58}},"4":{"start":{"line":26,"column":21},"end":{"line":26,"column":29}},"5":{"start":{"line":28,"column":6},"end":{"line":33,"column":7}},"6":{"start":{"line":29,"column":8},"end":{"line":32,"column":11}},"7":{"start":{"line":36,"column":29},"end":{"line":36,"column":63}},"8":{"start":{"line":38,"column":6},"end":{"line":43,"column":7}},"9":{"start":{"line":39,"column":8},"end":{"line":42,"column":11}},"10":{"start":{"line":46,"column":20},"end":{"line":46,"column":78}},"11":{"start":{"line":48,"column":6},"end":{"line":51,"column":9}},"12":{"start":{"line":56,"column":27},"end":{"line":56,"column":87}},"13":{"start":{"line":59,"column":6},"end":{"line":62,"column":42}},"14":{"start":{"line":65,"column":30},"end":{"line":66,"column":null}},"15":{"start":{"line":66,"column":18},"end":{"line":66,"column":45}},"16":{"start":{"line":69,"column":6},"end":{"line":74,"column":7}},"17":{"start":{"line":70,"column":8},"end":{"line":73,"column":11}},"18":{"start":{"line":77,"column":6},"end":{"line":80,"column":9}}},"fnMap":{"0":{"name":"(anonymous_0)","decl":{"start":{"line":17,"column":2},"end":{"line":17,"column":31}},"loc":{"start":{"line":17,"column":63},"end":{"line":17,"column":67}}},"1":{"name":"(anonymous_1)","decl":{"start":{"line":19,"column":19},"end":{"line":19,"column":24}},"loc":{"start":{"line":22,"column":29},"end":{"line":82,"column":3}}},"2":{"name":"(anonymous_2)","decl":{"start":{"line":66,"column":8},"end":{"line":66,"column":9}},"loc":{"start":{"line":66,"column":18},"end":{"line":66,"column":45}}}},"branchMap":{"0":{"loc":{"start":{"line":28,"column":6},"end":{"line":33,"column":7}},"type":"if","locations":[{"start":{"line":28,"column":6},"end":{"line":33,"column":7}}]},"1":{"loc":{"start":{"line":28,"column":10},"end":{"line":28,"column":52}},"type":"binary-expr","locations":[{"start":{"line":28,"column":10},"end":{"line":28,"column":17}},{"start":{"line":28,"column":21},"end":{"line":28,"column":52}}]},"2":{"loc":{"start":{"line":38,"column":6},"end":{"line":43,"column":7}},"type":"if","locations":[{"start":{"line":38,"column":6},"end":{"line":43,"column":7}}]},"3":{"loc":{"start":{"line":38,"column":10},"end":{"line":38,"column":63}},"type":"binary-expr","locations":[{"start":{"line":38,"column":10},"end":{"line":38,"column":25}},{"start":{"line":38,"column":29},"end":{"line":38,"column":63}}]},"4":{"loc":{"start":{"line":56,"column":27},"end":{"line":56,"column":87}},"type":"cond-expr","locations":[{"start":{"line":56,"column":52},"end":{"line":56,"column":65}},{"start":{"line":56,"column":68},"end":{"line":56,"column":87}}]},"5":{"loc":{"start":{"line":60,"column":13},"end":{"line":60,"column":69}},"type":"cond-expr","locations":[{"start":{"line":60,"column":38},"end":{"line":60,"column":43}},{"start":{"line":60,"column":46},"end":{"line":60,"column":69}}]},"6":{"loc":{"start":{"line":69,"column":6},"end":{"line":74,"column":7}},"type":"if","locations":[{"start":{"line":69,"column":6},"end":{"line":74,"column":7}}]}},"s":{"0":13,"1":13,"2":5,"3":5,"4":5,"5":5,"6":1,"7":4,"8":4,"9":1,"10":3,"11":1,"12":2,"13":2,"14":2,"15":5,"16":2,"17":1,"18":1},"f":{"0":13,"1":5,"2":5},"b":{"0":[1],"1":[5,5],"2":[1],"3":[4,3],"4":[2,0],"5":[2,0],"6":[1]}}
,"/home/nilton/Documentos/crudfastify-mongodb/backend/src/controllers/customer.controller.ts": {"path":"/home/nilton/Documentos/crudfastify-mongodb/backend/src/controllers/customer.controller.ts","statementMap":{"0":{"start":{"line":5,"column":31},"end":{"line":5,"column":63}},"1":{"start":{"line":10,"column":15},"end":{"line":24,"column":3}},"2":{"start":{"line":12,"column":19},"end":{"line":12,"column":51}},"3":{"start":{"line":14,"column":21},"end":{"line":14,"column":59}},"4":{"start":{"line":16,"column":4},"end":{"line":21,"column":5}},"5":{"start":{"line":17,"column":6},"end":{"line":20,"column":9}},"6":{"start":{"line":23,"column":4},"end":{"line":23,"column":32}},"7":{"start":{"line":29,"column":11},"end":{"line":34,"column":3}},"8":{"start":{"line":30,"column":4},"end":{"line":33,"column":7}}},"fnMap":{"0":{"name":"(anonymous_0)","decl":{"start":{"line":5,"column":2},"end":{"line":5,"column":31}},"loc":{"start":{"line":5,"column":63},"end":{"line":5,"column":67}}},"1":{"name":"(anonymous_1)","decl":{"start":{"line":10,"column":15},"end":{"line":10,"column":20}},"loc":{"start":{"line":10,"column":70},"end":{"line":24,"column":3}}},"2":{"name":"(anonymous_2)","decl":{"start":{"line":29,"column":11},"end":{"line":29,"column":16}},"loc":{"start":{"line":29,"column":67},"end":{"line":34,"column":3}}}},"branchMap":{"0":{"loc":{"start":{"line":16,"column":4},"end":{"line":21,"column":5}},"type":"if","locations":[{"start":{"line":16,"column":4},"end":{"line":21,"column":5}}]}},"s":{"0":11,"1":11,"2":2,"3":2,"4":2,"5":1,"6":1,"7":11,"8":1},"f":{"0":11,"1":2,"2":1},"b":{"0":[1]}}
,"/home/nilton/Documentos/crudfastify-mongodb/backend/src/controllers/order.controller.ts": {"path":"/home/nilton/Documentos/crudfastify-mongodb/backend/src/controllers/order.controller.ts","statementMap":{"0":{"start":{"line":7,"column":21},"end":{"line":7,"column":47}},"1":{"start":{"line":8,"column":21},"end":{"line":8,"column":53}},"2":{"start":{"line":12,"column":4},"end":{"line":28,"column":5}},"3":{"start":{"line":13,"column":19},"end":{"line":13,"column":49}},"4":{"start":{"line":17,"column":30},"end":{"line":17,"column":109}},"5":{"start":{"line":19,"column":20},"end":{"line":19,"column":79}},"6":{"start":{"line":21,"column":6},"end":{"line":25,"column":9}},"7":{"start":{"line":27,"column":6},"end":{"line":27,"column":80}},"8":{"start":{"line":33,"column":4},"end":{"line":39,"column":5}},"9":{"start":{"line":34,"column":19},"end":{"line":34,"column":49}},"10":{"start":{"line":35,"column":21},"end":{"line":35,"column":68}},"11":{"start":{"line":36,"column":6},"end":{"line":36,"column":57}},"12":{"start":{"line":38,"column":6},"end":{"line":38,"column":91}},"13":{"start":{"line":43,"column":4},"end":{"line":49,"column":5}},"14":{"start":{"line":44,"column":21},"end":{"line":44,"column":53}},"15":{"start":{"line":45,"column":20},"end":{"line":45,"column":60}},"16":{"start":{"line":46,"column":6},"end":{"line":46,"column":56}},"17":{"start":{"line":48,"column":6},"end":{"line":48,"column":90}},"18":{"start":{"line":53,"column":4},"end":{"line":58,"column":5}},"19":{"start":{"line":54,"column":21},"end":{"line":54,"column":60}},"20":{"start":{"line":55,"column":6},"end":{"line":55,"column":57}},"21":{"start":{"line":57,"column":6},"end":{"line":57,"column":91}},"22":{"start":{"line":62,"column":4},"end":{"line":73,"column":5}},"23":{"start":{"line":63,"column":21},"end":{"line":63,"column":53}},"24":{"start":{"line":64,"column":25},"end":{"line":64,"column":59}},"25":{"start":{"line":65,"column":20},"end":{"line":65,"column":73}},"26":{"start":{"line":66,"column":6},"end":{"line":70,"column":9}},"27":{"start":{"line":72,"column":6},"end":{"line":72,"column":80}}},"fnMap":{"0":{"name":"(anonymous_0)","decl":{"start":{"line":6,"column":2},"end":{"line":6,"column":null}},"loc":{"start":{"line":8,"column":53},"end":{"line":9,"column":6}}},"1":{"name":"(anonymous_1)","decl":{"start":{"line":11,"column":2},"end":{"line":11,"column":7}},"loc":{"start":{"line":11,"column":61},"end":{"line":29,"column":3}}},"2":{"name":"(anonymous_2)","decl":{"start":{"line":32,"column":2},"end":{"line":32,"column":7}},"loc":{"start":{"line":32,"column":65},"end":{"line":40,"column":3}}},"3":{"name":"(anonymous_3)","decl":{"start":{"line":42,"column":2},"end":{"line":42,"column":7}},"loc":{"start":{"line":42,"column":60},"end":{"line":50,"column":3}}},"4":{"name":"(anonymous_4)","decl":{"start":{"line":52,"column":2},"end":{"line":52,"column":7}},"loc":{"start":{"line":52,"column":61},"end":{"line":59,"column":3}}},"5":{"name":"(anonymous_5)","decl":{"start":{"line":61,"column":2},"end":{"line":61,"column":7}},"loc":{"start":{"line":61,"column":65},"end":{"line":74,"column":3}}}},"branchMap":{"0":{"loc":{"start":{"line":17,"column":30},"end":{"line":17,"column":109}},"type":"binary-expr","locations":[{"start":{"line":17,"column":30},"end":{"line":17,"column":75}},{"start":{"line":17,"column":79},"end":{"line":17,"column":109}}]}},"s":{"0":10,"1":10,"2":1,"3":1,"4":1,"5":1,"6":1,"7":0,"8":0,"9":0,"10":0,"11":0,"12":0,"13":0,"14":0,"15":0,"16":0,"17":0,"18":0,"19":0,"20":0,"21":0,"22":1,"23":1,"24":1,"25":1,"26":1,"27":0},"f":{"0":10,"1":1,"2":0,"3":0,"4":0,"5":1},"b":{"0":[1,0]}}
,"/home/nilton/Documentos/crudfastify-mongodb/backend/src/controllers/product.controller.ts": {"path":"/home/nilton/Documentos/crudfastify-mongodb/backend/src/controllers/product.controller.ts","statementMap":{"0":{"start":{"line":6,"column":31},"end":{"line":6,"column":61}},"1":{"start":{"line":11,"column":12},"end":{"line":20,"column":3}},"2":{"start":{"line":12,"column":4},"end":{"line":19,"column":5}},"3":{"start":{"line":14,"column":30},"end":{"line":14,"column":59}},"4":{"start":{"line":15,"column":21},"end":{"line":15,"column":64}},"5":{"start":{"line":16,"column":6},"end":{"line":16,"column":32}},"6":{"start":{"line":18,"column":6},"end":{"line":18,"column":67}},"7":{"start":{"line":22,"column":12},"end":{"line":36,"column":3}},"8":{"start":{"line":23,"column":4},"end":{"line":35,"column":5}},"9":{"start":{"line":24,"column":21},"end":{"line":24,"column":52}},"10":{"start":{"line":25,"column":22},"end":{"line":25,"column":58}},"11":{"start":{"line":28,"column":6},"end":{"line":30,"column":7}},"12":{"start":{"line":29,"column":8},"end":{"line":29,"column":69}},"13":{"start":{"line":32,"column":6},"end":{"line":32,"column":33}},"14":{"start":{"line":34,"column":6},"end":{"line":34,"column":67}},"15":{"start":{"line":38,"column":11},"end":{"line":48,"column":3}},"16":{"start":{"line":39,"column":4},"end":{"line":47,"column":5}},"17":{"start":{"line":41,"column":19},"end":{"line":41,"column":47}},"18":{"start":{"line":42,"column":22},"end":{"line":42,"column":60}},"19":{"start":{"line":43,"column":6},"end":{"line":43,"column":45}},"20":{"start":{"line":45,"column":22},"end":{"line":45,"column":78}},"21":{"start":{"line":46,"column":6},"end":{"line":46,"column":49}},"22":{"start":{"line":50,"column":11},"end":{"line":59,"column":3}},"23":{"start":{"line":51,"column":4},"end":{"line":58,"column":5}},"24":{"start":{"line":52,"column":21},"end":{"line":52,"column":52}},"25":{"start":{"line":53,"column":19},"end":{"line":53,"column":56}},"26":{"start":{"line":54,"column":22},"end":{"line":54,"column":64}},"27":{"start":{"line":55,"column":6},"end":{"line":55,"column":33}},"28":{"start":{"line":57,"column":6},"end":{"line":57,"column":70}},"29":{"start":{"line":61,"column":11},"end":{"line":69,"column":3}},"30":{"start":{"line":62,"column":4},"end":{"line":68,"column":5}},"31":{"start":{"line":63,"column":21},"end":{"line":63,"column":52}},"32":{"start":{"line":64,"column":6},"end":{"line":64,"column":43}},"33":{"start":{"line":65,"column":6},"end":{"line":65,"column":76}},"34":{"start":{"line":67,"column":6},"end":{"line":67,"column":68}}},"fnMap":{"0":{"name":"(anonymous_0)","decl":{"start":{"line":6,"column":2},"end":{"line":6,"column":31}},"loc":{"start":{"line":6,"column":61},"end":{"line":6,"column":65}}},"1":{"name":"(anonymous_1)","decl":{"start":{"line":11,"column":12},"end":{"line":11,"column":17}},"loc":{"start":{"line":11,"column":67},"end":{"line":20,"column":3}}},"2":{"name":"(anonymous_2)","decl":{"start":{"line":22,"column":12},"end":{"line":22,"column":17}},"loc":{"start":{"line":22,"column":67},"end":{"line":36,"column":3}}},"3":{"name":"(anonymous_3)","decl":{"start":{"line":38,"column":11},"end":{"line":38,"column":16}},"loc":{"start":{"line":38,"column":66},"end":{"line":48,"column":3}}},"4":{"name":"(anonymous_4)","decl":{"start":{"line":50,"column":11},"end":{"line":50,"column":16}},"loc":{"start":{"line":50,"column":66},"end":{"line":59,"column":3}}},"5":{"name":"(anonymous_5)","decl":{"start":{"line":61,"column":11},"end":{"line":61,"column":16}},"loc":{"start":{"line":61,"column":66},"end":{"line":69,"column":3}}}},"branchMap":{"0":{"loc":{"start":{"line":28,"column":6},"end":{"line":30,"column":7}},"type":"if","locations":[{"start":{"line":28,"column":6},"end":{"line":30,"column":7}}]},"1":{"loc":{"start":{"line":45,"column":22},"end":{"line":45,"column":78}},"type":"cond-expr","locations":[{"start":{"line":45,"column":47},"end":{"line":45,"column":60}},{"start":{"line":45,"column":63},"end":{"line":45,"column":78}}]}},"s":{"0":18,"1":18,"2":2,"3":2,"4":2,"5":1,"6":1,"7":18,"8":2,"9":2,"10":2,"11":1,"12":1,"13":0,"14":1,"15":18,"16":2,"17":2,"18":2,"19":1,"20":1,"21":1,"22":18,"23":2,"24":2,"25":2,"26":2,"27":1,"28":1,"29":18,"30":2,"31":2,"32":2,"33":1,"34":1},"f":{"0":18,"1":2,"2":2,"3":2,"4":2,"5":2},"b":{"0":[1],"1":[1,0]}}
,"/home/nilton/Documentos/crudfastify-mongodb/backend/src/events/event-bus.ts": {"path":"/home/nilton/Documentos/crudfastify-mongodb/backend/src/events/event-bus.ts","statementMap":{"0":{"start":{"line":4,"column":0},"end":{"line":4,"column":null}},"1":{"start":{"line":5,"column":2},"end":{"line":5,"column":null}},"2":{"start":{"line":6,"column":2},"end":{"line":6,"column":null}},"3":{"start":{"line":7,"column":2},"end":{"line":7,"column":null}},"4":{"start":{"line":13,"column":21},"end":{"line":13,"column":58}},"5":{"start":{"line":16,"column":17},"end":{"line":16,"column":47}},"6":{"start":{"line":17,"column":4},"end":{"line":17,"column":23}},"7":{"start":{"line":18,"column":4},"end":{"line":18,"column":35}},"8":{"start":{"line":23,"column":21},"end":{"line":23,"column":51}},"9":{"start":{"line":26,"column":4},"end":{"line":33,"column":7}},"10":{"start":{"line":27,"column":6},"end":{"line":32,"column":7}},"11":{"start":{"line":28,"column":8},"end":{"line":28,"column":31}},"12":{"start":{"line":31,"column":8},"end":{"line":31,"column":88}},"13":{"start":{"line":37,"column":24},"end":{"line":37,"column":38}}},"fnMap":{"0":{"name":"(anonymous_0)","decl":{"start":{"line":4,"column":0},"end":{"line":4,"column":6}},"loc":{"start":{"line":4,"column":22},"end":{"line":8,"column":1}}},"1":{"name":"(anonymous_1)","decl":{"start":{"line":15,"column":2},"end":{"line":15,"column":11}},"loc":{"start":{"line":15,"column":58},"end":{"line":19,"column":3}}},"2":{"name":"(anonymous_2)","decl":{"start":{"line":22,"column":2},"end":{"line":22,"column":9}},"loc":{"start":{"line":22,"column":42},"end":{"line":34,"column":3}}},"3":{"name":"(anonymous_3)","decl":{"start":{"line":26,"column":21},"end":{"line":26,"column":26}},"loc":{"start":{"line":26,"column":39},"end":{"line":33,"column":5}}}},"branchMap":{"0":{"loc":{"start":{"line":4,"column":12},"end":{"line":4,"column":null}},"type":"binary-expr","locations":[{"start":{"line":4,"column":12},"end":{"line":4,"column":22}},{"start":{"line":4,"column":12},"end":{"line":4,"column":null}}]},"1":{"loc":{"start":{"line":16,"column":17},"end":{"line":16,"column":47}},"type":"binary-expr","locations":[{"start":{"line":16,"column":17},"end":{"line":16,"column":41}},{"start":{"line":16,"column":45},"end":{"line":16,"column":47}}]},"2":{"loc":{"start":{"line":23,"column":21},"end":{"line":23,"column":51}},"type":"binary-expr","locations":[{"start":{"line":23,"column":21},"end":{"line":23,"column":45}},{"start":{"line":23,"column":49},"end":{"line":23,"column":51}}]}},"s":{"0":9,"1":9,"2":9,"3":9,"4":9,"5":0,"6":0,"7":0,"8":1,"9":1,"10":0,"11":0,"12":0,"13":9},"f":{"0":9,"1":0,"2":1,"3":0},"b":{"0":[9,9],"1":[0,0],"2":[1,1]}}
,"/home/nilton/Documentos/crudfastify-mongodb/backend/src/middlewares/authorization.ts": {"path":"/home/nilton/Documentos/crudfastify-mongodb/backend/src/middlewares/authorization.ts","statementMap":{"0":{"start":{"line":3,"column":0},"end":{"line":3,"column":null}},"1":{"start":{"line":4,"column":2},"end":{"line":4,"column":null}},"2":{"start":{"line":5,"column":2},"end":{"line":5,"column":null}},"3":{"start":{"line":11,"column":28},"end":{"line":21,"column":1}},"4":{"start":{"line":12,"column":2},"end":{"line":20,"column":3}},"5":{"start":{"line":13,"column":4},"end":{"line":13,"column":30}},"6":{"start":{"line":15,"column":20},"end":{"line":15,"column":77}},"7":{"start":{"line":16,"column":4},"end":{"line":19,"column":7}},"8":{"start":{"line":26,"column":26},"end":{"line":37,"column":1}},"9":{"start":{"line":27,"column":2},"end":{"line":36,"column":4}},"10":{"start":{"line":28,"column":17},"end":{"line":28,"column":73}},"11":{"start":{"line":30,"column":4},"end":{"line":35,"column":5}},"12":{"start":{"line":31,"column":6},"end":{"line":34,"column":9}},"13":{"start":{"line":43,"column":34},"end":{"line":60,"column":1}},"14":{"start":{"line":44,"column":15},"end":{"line":44,"column":71}},"15":{"start":{"line":45,"column":17},"end":{"line":45,"column":49}},"16":{"start":{"line":47,"column":2},"end":{"line":49,"column":3}},"17":{"start":{"line":48,"column":4},"end":{"line":48,"column":83}},"18":{"start":{"line":51,"column":18},"end":{"line":51,"column":32}},"19":{"start":{"line":52,"column":18},"end":{"line":52,"column":46}},"20":{"start":{"line":54,"column":2},"end":{"line":59,"column":3}},"21":{"start":{"line":55,"column":4},"end":{"line":58,"column":7}},"22":{"start":{"line":65,"column":29},"end":{"line":71,"column":1}},"23":{"start":{"line":66,"column":15},"end":{"line":66,"column":57}},"24":{"start":{"line":68,"column":2},"end":{"line":70,"column":3}},"25":{"start":{"line":69,"column":4},"end":{"line":69,"column":83}},"26":{"start":{"line":74,"column":25},"end":{"line":74,"column":53}},"27":{"start":{"line":75,"column":28},"end":{"line":75,"column":59}}},"fnMap":{"0":{"name":"(anonymous_0)","decl":{"start":{"line":3,"column":0},"end":{"line":3,"column":6}},"loc":{"start":{"line":3,"column":20},"end":{"line":6,"column":1}}},"1":{"name":"(anonymous_1)","decl":{"start":{"line":11,"column":28},"end":{"line":11,"column":33}},"loc":{"start":{"line":11,"column":98},"end":{"line":21,"column":1}}},"2":{"name":"(anonymous_2)","decl":{"start":{"line":26,"column":26},"end":{"line":26,"column":27}},"loc":{"start":{"line":26,"column":53},"end":{"line":37,"column":1}}},"3":{"name":"(anonymous_3)","decl":{"start":{"line":27,"column":9},"end":{"line":27,"column":14}},"loc":{"start":{"line":27,"column":79},"end":{"line":36,"column":3}}},"4":{"name":"(anonymous_4)","decl":{"start":{"line":43,"column":34},"end":{"line":43,"column":39}},"loc":{"start":{"line":43,"column":104},"end":{"line":60,"column":1}}},"5":{"name":"(anonymous_5)","decl":{"start":{"line":65,"column":29},"end":{"line":65,"column":34}},"loc":{"start":{"line":65,"column":99},"end":{"line":71,"column":1}}}},"branchMap":{"0":{"loc":{"start":{"line":3,"column":12},"end":{"line":3,"column":null}},"type":"binary-expr","locations":[{"start":{"line":3,"column":12},"end":{"line":3,"column":20}},{"start":{"line":3,"column":12},"end":{"line":3,"column":null}}]},"1":{"loc":{"start":{"line":15,"column":20},"end":{"line":15,"column":77}},"type":"cond-expr","locations":[{"start":{"line":15,"column":45},"end":{"line":15,"column":58}},{"start":{"line":15,"column":61},"end":{"line":15,"column":77}}]},"2":{"loc":{"start":{"line":30,"column":4},"end":{"line":35,"column":5}},"type":"if","locations":[{"start":{"line":30,"column":4},"end":{"line":35,"column":5}}]},"3":{"loc":{"start":{"line":30,"column":8},"end":{"line":30,"column":50}},"type":"binary-expr","locations":[{"start":{"line":30,"column":8},"end":{"line":30,"column":13}},{"start":{"line":30,"column":17},"end":{"line":30,"column":50}}]},"4":{"loc":{"start":{"line":47,"column":2},"end":{"line":49,"column":3}},"type":"if","locations":[{"start":{"line":47,"column":2},"end":{"line":49,"column":3}}]},"5":{"loc":{"start":{"line":54,"column":2},"end":{"line":59,"column":3}},"type":"if","locations":[{"start":{"line":54,"column":2},"end":{"line":59,"column":3}}]},"6":{"loc":{"start":{"line":54,"column":6},"end":{"line":54,"column":26}},"type":"binary-expr","locations":[{"start":{"line":54,"column":6},"end":{"line":54,"column":14}},{"start":{"line":54,"column":18},"end":{"line":54,"column":26}}]},"7":{"loc":{"start":{"line":68,"column":2},"end":{"line":70,"column":3}},"type":"if","locations":[{"start":{"line":68,"column":2},"end":{"line":70,"column":3}}]}},"s":{"0":8,"1":8,"2":8,"3":8,"4":10,"5":10,"6":2,"7":2,"8":8,"9":16,"10":6,"11":6,"12":1,"13":8,"14":0,"15":0,"16":0,"17":0,"18":0,"19":0,"20":0,"21":0,"22":8,"23":0,"24":0,"25":0,"26":8,"27":8},"f":{"0":8,"1":10,"2":16,"3":6,"4":0,"5":0},"b":{"0":[8,8],"1":[2,0],"2":[1],"3":[6,6],"4":[0],"5":[0],"6":[0,0],"7":[0]}}
,"/home/nilton/Documentos/crudfastify-mongodb/backend/src/models/admin.ts": {"path":"/home/nilton/Documentos/crudfastify-mongodb/backend/src/models/admin.ts","statementMap":{"0":{"start":{"line":14,"column":20},"end":{"line":43,"column":null}},"1":{"start":{"line":47,"column":26},"end":{"line":47,"column":61}}},"fnMap":{},"branchMap":{},"s":{"0":10,"1":10},"f":{},"b":{}}
,"/home/nilton/Documentos/crudfastify-mongodb/backend/src/models/cart.model.ts": {"path":"/home/nilton/Documentos/crudfastify-mongodb/backend/src/models/cart.model.ts","statementMap":{"0":{"start":{"line":15,"column":23},"end":{"line":20,"column":null}},"1":{"start":{"line":23,"column":19},"end":{"line":33,"column":null}},"2":{"start":{"line":37,"column":0},"end":{"line":37,"column":78}},"3":{"start":{"line":39,"column":25},"end":{"line":39,"column":57}}},"fnMap":{},"branchMap":{},"s":{"0":11,"1":11,"2":11,"3":11},"f":{},"b":{}}
,"/home/nilton/Documentos/crudfastify-mongodb/backend/src/models/customer.model.ts": {"path":"/home/nilton/Documentos/crudfastify-mongodb/backend/src/models/customer.model.ts","statementMap":{"0":{"start":{"line":21,"column":23},"end":{"line":44,"column":null}},"1":{"start":{"line":49,"column":29},"end":{"line":49,"column":82}}},"fnMap":{},"branchMap":{},"s":{"0":12,"1":12},"f":{},"b":{}}
,"/home/nilton/Documentos/crudfastify-mongodb/backend/src/models/order.model.ts": {"path":"/home/nilton/Documentos/crudfastify-mongodb/backend/src/models/order.model.ts","statementMap":{"0":{"start":{"line":22,"column":20},"end":{"line":62,"column":null}},"1":{"start":{"line":66,"column":0},"end":{"line":69,"column":2}},"2":{"start":{"line":72,"column":0},"end":{"line":72,"column":48}},"3":{"start":{"line":74,"column":26},"end":{"line":74,"column":69}}},"fnMap":{},"branchMap":{},"s":{"0":12,"1":12,"2":12,"3":12},"f":{},"b":{}}
,"/home/nilton/Documentos/crudfastify-mongodb/backend/src/models/product.model.ts": {"path":"/home/nilton/Documentos/crudfastify-mongodb/backend/src/models/product.model.ts","statementMap":{"0":{"start":{"line":16,"column":22},"end":{"line":26,"column":null}},"1":{"start":{"line":29,"column":28},"end":{"line":29,"column":77}}},"fnMap":{},"branchMap":{},"s":{"0":13,"1":13},"f":{},"b":{}}
,"/home/nilton/Documentos/crudfastify-mongodb/backend/src/plugins/cors.ts": {"path":"/home/nilton/Documentos/crudfastify-mongodb/backend/src/plugins/cors.ts","statementMap":{"0":{"start":{"line":6,"column":2},"end":{"line":26,"column":5}},"1":{"start":{"line":9,"column":29},"end":{"line":9,"column":93}},"2":{"start":{"line":13,"column":6},"end":{"line":16,"column":7}},"3":{"start":{"line":14,"column":8},"end":{"line":14,"column":23}},"4":{"start":{"line":15,"column":8},"end":{"line":15,"column":15}},"5":{"start":{"line":19,"column":6},"end":{"line":19,"column":68}},"6":{"start":{"line":20,"column":6},"end":{"line":20,"column":54}}},"fnMap":{"0":{"name":"(anonymous_0)","decl":{"start":{"line":5,"column":18},"end":{"line":5,"column":23}},"loc":{"start":{"line":5,"column":53},"end":{"line":27,"column":1}}},"1":{"name":"(anonymous_1)","decl":{"start":{"line":7,"column":12},"end":{"line":7,"column":13}},"loc":{"start":{"line":7,"column":27},"end":{"line":21,"column":5}}}},"branchMap":{"0":{"loc":{"start":{"line":9,"column":29},"end":{"line":9,"column":93}},"type":"binary-expr","locations":[{"start":{"line":9,"column":29},"end":{"line":9,"column":64}},{"start":{"line":9,"column":68},"end":{"line":9,"column":93}}]},"1":{"loc":{"start":{"line":13,"column":6},"end":{"line":16,"column":7}},"type":"if","locations":[{"start":{"line":13,"column":6},"end":{"line":16,"column":7}}]},"2":{"loc":{"start":{"line":13,"column":10},"end":{"line":13,"column":52}},"type":"binary-expr","locations":[{"start":{"line":13,"column":10},"end":{"line":13,"column":17}},{"start":{"line":13,"column":21},"end":{"line":13,"column":52}}]}},"s":{"0":8,"1":16,"2":16,"3":16,"4":16,"5":0,"6":0},"f":{"0":8,"1":16},"b":{"0":[16,0],"1":[16],"2":[16,0]}}
,"/home/nilton/Documentos/crudfastify-mongodb/backend/src/plugins/jwt.ts": {"path":"/home/nilton/Documentos/crudfastify-mongodb/backend/src/plugins/jwt.ts","statementMap":{"0":{"start":{"line":7,"column":40},"end":{"line":18,"column":4}},"1":{"start":{"line":21,"column":2},"end":{"line":21,"column":32}},"2":{"start":{"line":24,"column":2},"end":{"line":35,"column":5}},"3":{"start":{"line":25,"column":4},"end":{"line":34,"column":5}},"4":{"start":{"line":26,"column":6},"end":{"line":26,"column":32}},"5":{"start":{"line":28,"column":6},"end":{"line":28,"column":72}},"6":{"start":{"line":29,"column":6},"end":{"line":33,"column":9}}},"fnMap":{"0":{"name":"(anonymous_0)","decl":{"start":{"line":6,"column":18},"end":{"line":6,"column":23}},"loc":{"start":{"line":6,"column":32},"end":{"line":36,"column":1}}},"1":{"name":"(anonymous_1)","decl":{"start":{"line":24,"column":31},"end":{"line":24,"column":36}},"loc":{"start":{"line":24,"column":86},"end":{"line":35,"column":3}}}},"branchMap":{"0":{"loc":{"start":{"line":8,"column":12},"end":{"line":8,"column":51}},"type":"binary-expr","locations":[{"start":{"line":8,"column":12},"end":{"line":8,"column":26}},{"start":{"line":8,"column":30},"end":{"line":8,"column":51}}]}},"s":{"0":8,"1":8,"2":8,"3":0,"4":0,"5":0,"6":0},"f":{"0":8,"1":0},"b":{"0":[8,0]}}
,"/home/nilton/Documentos/crudfastify-mongodb/backend/src/plugins/logger.ts": {"path":"/home/nilton/Documentos/crudfastify-mongodb/backend/src/plugins/logger.ts","statementMap":{"0":{"start":{"line":3,"column":21},"end":{"line":3,"column":58}},"1":{"start":{"line":5,"column":15},"end":{"line":17,"column":2}}},"fnMap":{},"branchMap":{"0":{"loc":{"start":{"line":7,"column":9},"end":{"line":7,"column":40}},"type":"cond-expr","locations":[{"start":{"line":7,"column":24},"end":{"line":7,"column":30}},{"start":{"line":7,"column":33},"end":{"line":7,"column":40}}]},"1":{"loc":{"start":{"line":9,"column":13},"end":{"line":16,"column":15}},"type":"cond-expr","locations":[{"start":{"line":9,"column":29},"end":{"line":16,"column":4}},{"start":{"line":16,"column":6},"end":{"line":16,"column":15}}]}},"s":{"0":12,"1":12},"f":{},"b":{"0":[0,12],"1":[12,0]}}
,"/home/nilton/Documentos/crudfastify-mongodb/backend/src/plugins/plugin.env.ts": {"path":"/home/nilton/Documentos/crudfastify-mongodb/backend/src/plugins/plugin.env.ts","statementMap":{"0":{"start":{"line":9,"column":2},"end":{"line":9,"column":27}}},"fnMap":{"0":{"name":"(anonymous_0)","decl":{"start":{"line":8,"column":18},"end":{"line":8,"column":23}},"loc":{"start":{"line":8,"column":32},"end":{"line":10,"column":1}}}},"branchMap":{},"s":{"0":8},"f":{"0":8},"b":{}}
,"/home/nilton/Documentos/crudfastify-mongodb/backend/src/plugins/rate-limit.ts": {"path":"/home/nilton/Documentos/crudfastify-mongodb/backend/src/plugins/rate-limit.ts","statementMap":{"0":{"start":{"line":8,"column":2},"end":{"line":22,"column":5}},"1":{"start":{"line":15,"column":6},"end":{"line":15,"column":74}},"2":{"start":{"line":17,"column":49},"end":{"line":21,"column":6}}},"fnMap":{"0":{"name":"(anonymous_0)","decl":{"start":{"line":7,"column":18},"end":{"line":7,"column":23}},"loc":{"start":{"line":7,"column":32},"end":{"line":23,"column":1}}},"1":{"name":"(anonymous_1)","decl":{"start":{"line":13,"column":18},"end":{"line":13,"column":19}},"loc":{"start":{"line":13,"column":30},"end":{"line":16,"column":5}}},"2":{"name":"(anonymous_2)","decl":{"start":{"line":17,"column":26},"end":{"line":17,"column":27}},"loc":{"start":{"line":17,"column":49},"end":{"line":21,"column":6}}}},"branchMap":{"0":{"loc":{"start":{"line":15,"column":14},"end":{"line":15,"column":73}},"type":"binary-expr","locations":[{"start":{"line":15,"column":14},"end":{"line":15,"column":59}},{"start":{"line":15,"column":63},"end":{"line":15,"column":73}}]}},"s":{"0":8,"1":2,"2":0},"f":{"0":8,"1":2,"2":0},"b":{"0":[2,2]}}
,"/home/nilton/Documentos/crudfastify-mongodb/backend/src/plugins/swagger.ts": {"path":"/home/nilton/Documentos/crudfastify-mongodb/backend/src/plugins/swagger.ts","statementMap":{"0":{"start":{"line":8,"column":23},"end":{"line":8,"column":60}},"1":{"start":{"line":10,"column":2},"end":{"line":48,"column":3}},"2":{"start":{"line":12,"column":4},"end":{"line":26,"column":7}},"3":{"start":{"line":28,"column":4},"end":{"line":35,"column":7}},"4":{"start":{"line":37,"column":4},"end":{"line":37,"column":75}},"5":{"start":{"line":40,"column":4},"end":{"line":40,"column":79}},"6":{"start":{"line":42,"column":4},"end":{"line":47,"column":7}},"7":{"start":{"line":43,"column":6},"end":{"line":46,"column":9}},"8":{"start":{"line":51,"column":29},"end":{"line":51,"column":60}}},"fnMap":{"0":{"name":"swaggerGenerator","decl":{"start":{"line":7,"column":15},"end":{"line":7,"column":31}},"loc":{"start":{"line":7,"column":52},"end":{"line":49,"column":1}}},"1":{"name":"(anonymous_1)","decl":{"start":{"line":42,"column":21},"end":{"line":42,"column":26}},"loc":{"start":{"line":42,"column":40},"end":{"line":47,"column":5}}}},"branchMap":{"0":{"loc":{"start":{"line":10,"column":2},"end":{"line":48,"column":3}},"type":"if","locations":[{"start":{"line":10,"column":2},"end":{"line":48,"column":3}},{"start":{"line":38,"column":9},"end":{"line":48,"column":3}}]}},"s":{"0":8,"1":8,"2":8,"3":8,"4":8,"5":0,"6":0,"7":0,"8":8},"f":{"0":8,"1":0},"b":{"0":[8,0]}}
,"/home/nilton/Documentos/crudfastify-mongodb/backend/src/plugins/zod.ts": {"path":"/home/nilton/Documentos/crudfastify-mongodb/backend/src/plugins/zod.ts","statementMap":{"0":{"start":{"line":11,"column":2},"end":{"line":11,"column":46}},"1":{"start":{"line":12,"column":2},"end":{"line":12,"column":48}}},"fnMap":{"0":{"name":"zodPlugin","decl":{"start":{"line":9,"column":15},"end":{"line":9,"column":24}},"loc":{"start":{"line":9,"column":45},"end":{"line":13,"column":1}}}},"branchMap":{},"s":{"0":8,"1":8},"f":{"0":8},"b":{}}
,"/home/nilton/Documentos/crudfastify-mongodb/backend/src/repositories/admin.repository.ts": {"path":"/home/nilton/Documentos/crudfastify-mongodb/backend/src/repositories/admin.repository.ts","statementMap":{"0":{"start":{"line":9,"column":4},"end":{"line":9,"column":61}},"1":{"start":{"line":14,"column":2},"end":{"line":14,"column":65}},"2":{"start":{"line":18,"column":4},"end":{"line":18,"column":67}},"3":{"start":{"line":22,"column":4},"end":{"line":22,"column":41}},"4":{"start":{"line":28,"column":4},"end":{"line":28,"column":68}},"5":{"start":{"line":32,"column":4},"end":{"line":36,"column":6}},"6":{"start":{"line":42,"column":4},"end":{"line":42,"column":58}},"7":{"start":{"line":46,"column":19},"end":{"line":46,"column":60}},"8":{"start":{"line":47,"column":4},"end":{"line":47,"column":20}},"9":{"start":{"line":52,"column":4},"end":{"line":52,"column":43}},"10":{"start":{"line":57,"column":4},"end":{"line":57,"column":39}},"11":{"start":{"line":61,"column":19},"end":{"line":61,"column":59}},"12":{"start":{"line":62,"column":4},"end":{"line":62,"column":20}}},"fnMap":{"0":{"name":"(anonymous_0)","decl":{"start":{"line":8,"column":2},"end":{"line":8,"column":7}},"loc":{"start":{"line":8,"column":27},"end":{"line":10,"column":3}}},"1":{"name":"(anonymous_1)","decl":{"start":{"line":13,"column":0},"end":{"line":13,"column":5}},"loc":{"start":{"line":13,"column":31},"end":{"line":15,"column":1}}},"2":{"name":"(anonymous_2)","decl":{"start":{"line":17,"column":2},"end":{"line":17,"column":7}},"loc":{"start":{"line":17,"column":45},"end":{"line":19,"column":3}}},"3":{"name":"(anonymous_3)","decl":{"start":{"line":21,"column":2},"end":{"line":21,"column":7}},"loc":{"start":{"line":21,"column":36},"end":{"line":23,"column":3}}},"4":{"name":"(anonymous_4)","decl":{"start":{"line":26,"column":2},"end":{"line":26,"column":7}},"loc":{"start":{"line":26,"column":21},"end":{"line":29,"column":3}}},"5":{"name":"(anonymous_5)","decl":{"start":{"line":31,"column":2},"end":{"line":31,"column":7}},"loc":{"start":{"line":31,"column":57},"end":{"line":37,"column":3}}},"6":{"name":"(anonymous_6)","decl":{"start":{"line":40,"column":2},"end":{"line":40,"column":7}},"loc":{"start":{"line":40,"column":20},"end":{"line":43,"column":3}}},"7":{"name":"(anonymous_7)","decl":{"start":{"line":45,"column":2},"end":{"line":45,"column":7}},"loc":{"start":{"line":45,"column":29},"end":{"line":48,"column":3}}},"8":{"name":"(anonymous_8)","decl":{"start":{"line":51,"column":2},"end":{"line":51,"column":7}},"loc":{"start":{"line":51,"column":34},"end":{"line":53,"column":3}}},"9":{"name":"(anonymous_9)","decl":{"start":{"line":55,"column":2},"end":{"line":55,"column":7}},"loc":{"start":{"line":55,"column":23},"end":{"line":58,"column":3}}},"10":{"name":"(anonymous_10)","decl":{"start":{"line":60,"column":2},"end":{"line":60,"column":7}},"loc":{"start":{"line":60,"column":32},"end":{"line":63,"column":3}}}},"branchMap":{},"s":{"0":2,"1":1,"2":5,"3":2,"4":1,"5":1,"6":2,"7":1,"8":1,"9":1,"10":1,"11":1,"12":1},"f":{"0":2,"1":1,"2":5,"3":2,"4":1,"5":1,"6":2,"7":1,"8":1,"9":1,"10":1},"b":{}}
,"/home/nilton/Documentos/crudfastify-mongodb/backend/src/repositories/cart.repository.ts": {"path":"/home/nilton/Documentos/crudfastify-mongodb/backend/src/repositories/cart.repository.ts","statementMap":{"0":{"start":{"line":26,"column":4},"end":{"line":26,"column":53}},"1":{"start":{"line":26,"column":41},"end":{"line":26,"column":53}},"2":{"start":{"line":28,"column":4},"end":{"line":34,"column":14}},"3":{"start":{"line":42,"column":22},"end":{"line":42,"column":48}},"4":{"start":{"line":43,"column":22},"end":{"line":43,"column":51}},"5":{"start":{"line":46,"column":15},"end":{"line":50,"column":12}},"6":{"start":{"line":53,"column":4},"end":{"line":59,"column":5}},"7":{"start":{"line":54,"column":6},"end":{"line":58,"column":15}},"8":{"start":{"line":61,"column":4},"end":{"line":61,"column":32}},"9":{"start":{"line":69,"column":4},"end":{"line":69,"column":53}},"10":{"start":{"line":69,"column":41},"end":{"line":69,"column":53}},"11":{"start":{"line":71,"column":4},"end":{"line":75,"column":29}},"12":{"start":{"line":84,"column":4},"end":{"line":84,"column":54}},"13":{"start":{"line":84,"column":41},"end":{"line":84,"column":54}},"14":{"start":{"line":86,"column":19},"end":{"line":90,"column":12}},"15":{"start":{"line":92,"column":4},"end":{"line":92,"column":36}},"16":{"start":{"line":96,"column":4},"end":{"line":96,"column":54}},"17":{"start":{"line":96,"column":41},"end":{"line":96,"column":54}},"18":{"start":{"line":97,"column":19},"end":{"line":97,"column":91}},"19":{"start":{"line":98,"column":4},"end":{"line":98,"column":35}}},"fnMap":{"0":{"name":"(anonymous_0)","decl":{"start":{"line":25,"column":2},"end":{"line":25,"column":7}},"loc":{"start":{"line":25,"column":35},"end":{"line":35,"column":3}}},"1":{"name":"(anonymous_1)","decl":{"start":{"line":41,"column":2},"end":{"line":41,"column":7}},"loc":{"start":{"line":41,"column":78},"end":{"line":62,"column":3}}},"2":{"name":"(anonymous_2)","decl":{"start":{"line":68,"column":2},"end":{"line":68,"column":7}},"loc":{"start":{"line":68,"column":86},"end":{"line":76,"column":3}}},"3":{"name":"(anonymous_3)","decl":{"start":{"line":83,"column":2},"end":{"line":83,"column":7}},"loc":{"start":{"line":83,"column":57},"end":{"line":93,"column":3}}},"4":{"name":"(anonymous_4)","decl":{"start":{"line":95,"column":2},"end":{"line":95,"column":7}},"loc":{"start":{"line":95,"column":37},"end":{"line":99,"column":3}}}},"branchMap":{"0":{"loc":{"start":{"line":26,"column":4},"end":{"line":26,"column":53}},"type":"if","locations":[{"start":{"line":26,"column":4},"end":{"line":26,"column":53}}]},"1":{"loc":{"start":{"line":53,"column":4},"end":{"line":59,"column":5}},"type":"if","locations":[{"start":{"line":53,"column":4},"end":{"line":59,"column":5}}]},"2":{"loc":{"start":{"line":69,"column":4},"end":{"line":69,"column":53}},"type":"if","locations":[{"start":{"line":69,"column":4},"end":{"line":69,"column":53}}]},"3":{"loc":{"start":{"line":84,"column":4},"end":{"line":84,"column":54}},"type":"if","locations":[{"start":{"line":84,"column":4},"end":{"line":84,"column":54}}]},"4":{"loc":{"start":{"line":96,"column":4},"end":{"line":96,"column":54}},"type":"if","locations":[{"start":{"line":96,"column":4},"end":{"line":96,"column":54}}]}},"s":{"0":2,"1":0,"2":2,"3":6,"4":6,"5":6,"6":6,"7":5,"8":6,"9":0,"10":0,"11":0,"12":0,"13":0,"14":0,"15":0,"16":2,"17":0,"18":2,"19":2},"f":{"0":2,"1":6,"2":0,"3":0,"4":2},"b":{"0":[0],"1":[5],"2":[0],"3":[0],"4":[0]}}
,"/home/nilton/Documentos/crudfastify-mongodb/backend/src/repositories/customer.repository.ts": {"path":"/home/nilton/Documentos/crudfastify-mongodb/backend/src/repositories/customer.repository.ts","statementMap":{"0":{"start":{"line":8,"column":4},"end":{"line":11,"column":38}},"1":{"start":{"line":18,"column":4},"end":{"line":20,"column":38}},"2":{"start":{"line":27,"column":4},"end":{"line":27,"column":71}},"3":{"start":{"line":34,"column":21},"end":{"line":34,"column":53}},"4":{"start":{"line":35,"column":4},"end":{"line":35,"column":31}},"5":{"start":{"line":42,"column":4},"end":{"line":44,"column":38}},"6":{"start":{"line":51,"column":4},"end":{"line":53,"column":38}}},"fnMap":{"0":{"name":"(anonymous_0)","decl":{"start":{"line":7,"column":9},"end":{"line":7,"column":14}},"loc":{"start":{"line":7,"column":40},"end":{"line":12,"column":3}}},"1":{"name":"(anonymous_1)","decl":{"start":{"line":17,"column":9},"end":{"line":17,"column":14}},"loc":{"start":{"line":17,"column":34},"end":{"line":21,"column":3}}},"2":{"name":"(anonymous_2)","decl":{"start":{"line":26,"column":9},"end":{"line":26,"column":14}},"loc":{"start":{"line":26,"column":22},"end":{"line":28,"column":3}}},"3":{"name":"(anonymous_3)","decl":{"start":{"line":33,"column":9},"end":{"line":33,"column":14}},"loc":{"start":{"line":33,"column":50},"end":{"line":36,"column":3}}},"4":{"name":"(anonymous_4)","decl":{"start":{"line":41,"column":9},"end":{"line":41,"column":14}},"loc":{"start":{"line":41,"column":62},"end":{"line":45,"column":3}}},"5":{"name":"(anonymous_5)","decl":{"start":{"line":50,"column":9},"end":{"line":50,"column":14}},"loc":{"start":{"line":50,"column":32},"end":{"line":54,"column":3}}}},"branchMap":{},"s":{"0":1,"1":2,"2":0,"3":1,"4":1,"5":1,"6":1},"f":{"0":1,"1":2,"2":0,"3":1,"4":1,"5":1},"b":{}}
,"/home/nilton/Documentos/crudfastify-mongodb/backend/src/repositories/order.repository.ts": {"path":"/home/nilton/Documentos/crudfastify-mongodb/backend/src/repositories/order.repository.ts","statementMap":{"0":{"start":{"line":44,"column":4},"end":{"line":44,"column":53}},"1":{"start":{"line":44,"column":41},"end":{"line":44,"column":53}},"2":{"start":{"line":45,"column":4},"end":{"line":50,"column":12}},"3":{"start":{"line":57,"column":20},"end":{"line":57,"column":82}},"4":{"start":{"line":58,"column":4},"end":{"line":58,"column":17}},"5":{"start":{"line":65,"column":4},"end":{"line":65,"column":49}},"6":{"start":{"line":65,"column":37},"end":{"line":65,"column":49}},"7":{"start":{"line":66,"column":4},"end":{"line":66,"column":65}},"8":{"start":{"line":73,"column":4},"end":{"line":73,"column":51}},"9":{"start":{"line":73,"column":41},"end":{"line":73,"column":51}},"10":{"start":{"line":74,"column":4},"end":{"line":77,"column":14}},"11":{"start":{"line":84,"column":4},"end":{"line":87,"column":14}},"12":{"start":{"line":94,"column":4},"end":{"line":94,"column":49}},"13":{"start":{"line":94,"column":37},"end":{"line":94,"column":49}},"14":{"start":{"line":95,"column":4},"end":{"line":99,"column":47}},"15":{"start":{"line":106,"column":4},"end":{"line":106,"column":48}},"16":{"start":{"line":106,"column":41},"end":{"line":106,"column":48}},"17":{"start":{"line":107,"column":4},"end":{"line":111,"column":13}}},"fnMap":{"0":{"name":"(anonymous_0)","decl":{"start":{"line":43,"column":2},"end":{"line":43,"column":7}},"loc":{"start":{"line":43,"column":67},"end":{"line":51,"column":3}}},"1":{"name":"(anonymous_1)","decl":{"start":{"line":56,"column":2},"end":{"line":56,"column":7}},"loc":{"start":{"line":56,"column":75},"end":{"line":59,"column":3}}},"2":{"name":"(anonymous_2)","decl":{"start":{"line":64,"column":2},"end":{"line":64,"column":7}},"loc":{"start":{"line":64,"column":27},"end":{"line":67,"column":3}}},"3":{"name":"(anonymous_3)","decl":{"start":{"line":72,"column":2},"end":{"line":72,"column":7}},"loc":{"start":{"line":72,"column":35},"end":{"line":78,"column":3}}},"4":{"name":"(anonymous_4)","decl":{"start":{"line":83,"column":2},"end":{"line":83,"column":7}},"loc":{"start":{"line":83,"column":15},"end":{"line":88,"column":3}}},"5":{"name":"(anonymous_5)","decl":{"start":{"line":93,"column":2},"end":{"line":93,"column":7}},"loc":{"start":{"line":93,"column":47},"end":{"line":100,"column":3}}},"6":{"name":"(anonymous_6)","decl":{"start":{"line":105,"column":2},"end":{"line":105,"column":7}},"loc":{"start":{"line":105,"column":57},"end":{"line":112,"column":3}}}},"branchMap":{"0":{"loc":{"start":{"line":44,"column":4},"end":{"line":44,"column":53}},"type":"if","locations":[{"start":{"line":44,"column":4},"end":{"line":44,"column":53}}]},"1":{"loc":{"start":{"line":65,"column":4},"end":{"line":65,"column":49}},"type":"if","locations":[{"start":{"line":65,"column":4},"end":{"line":65,"column":49}}]},"2":{"loc":{"start":{"line":73,"column":4},"end":{"line":73,"column":51}},"type":"if","locations":[{"start":{"line":73,"column":4},"end":{"line":73,"column":51}}]},"3":{"loc":{"start":{"line":94,"column":4},"end":{"line":94,"column":49}},"type":"if","locations":[{"start":{"line":94,"column":4},"end":{"line":94,"column":49}}]},"4":{"loc":{"start":{"line":106,"column":4},"end":{"line":106,"column":48}},"type":"if","locations":[{"start":{"line":106,"column":4},"end":{"line":106,"column":48}}]}},"s":{"0":1,"1":0,"2":1,"3":1,"4":1,"5":0,"6":0,"7":0,"8":1,"9":0,"10":1,"11":0,"12":1,"13":0,"14":1,"15":0,"16":0,"17":0},"f":{"0":1,"1":1,"2":0,"3":1,"4":0,"5":1,"6":0},"b":{"0":[0],"1":[0],"2":[0],"3":[0],"4":[0]}}
,"/home/nilton/Documentos/crudfastify-mongodb/backend/src/repositories/product.repository.ts": {"path":"/home/nilton/Documentos/crudfastify-mongodb/backend/src/repositories/product.repository.ts","statementMap":{"0":{"start":{"line":5,"column":31},"end":{"line":5,"column":64}},"1":{"start":{"line":8,"column":17},"end":{"line":8,"column":35}},"2":{"start":{"line":9,"column":26},"end":{"line":12,"column":6}},"3":{"start":{"line":13,"column":4},"end":{"line":13,"column":27}},"4":{"start":{"line":17,"column":4},"end":{"line":17,"column":49}},"5":{"start":{"line":17,"column":37},"end":{"line":17,"column":49}},"6":{"start":{"line":18,"column":4},"end":{"line":18,"column":49}},"7":{"start":{"line":22,"column":22},"end":{"line":22,"column":66}},"8":{"start":{"line":23,"column":4},"end":{"line":23,"column":19}},"9":{"start":{"line":27,"column":4},"end":{"line":27,"column":49}},"10":{"start":{"line":27,"column":37},"end":{"line":27,"column":49}},"11":{"start":{"line":28,"column":4},"end":{"line":28,"column":79}},"12":{"start":{"line":32,"column":4},"end":{"line":32,"column":50}},"13":{"start":{"line":32,"column":37},"end":{"line":32,"column":50}},"14":{"start":{"line":33,"column":19},"end":{"line":33,"column":65}},"15":{"start":{"line":34,"column":4},"end":{"line":34,"column":35}},"16":{"start":{"line":41,"column":4},"end":{"line":41,"column":49}},"17":{"start":{"line":41,"column":37},"end":{"line":41,"column":49}},"18":{"start":{"line":42,"column":4},"end":{"line":46,"column":20}},"19":{"start":{"line":53,"column":4},"end":{"line":53,"column":49}},"20":{"start":{"line":53,"column":37},"end":{"line":53,"column":49}},"21":{"start":{"line":54,"column":4},"end":{"line":58,"column":20}}},"fnMap":{"0":{"name":"(anonymous_0)","decl":{"start":{"line":5,"column":2},"end":{"line":5,"column":31}},"loc":{"start":{"line":5,"column":76},"end":{"line":5,"column":80}}},"1":{"name":"(anonymous_1)","decl":{"start":{"line":7,"column":2},"end":{"line":7,"column":7}},"loc":{"start":{"line":7,"column":49},"end":{"line":14,"column":3}}},"2":{"name":"(anonymous_2)","decl":{"start":{"line":16,"column":2},"end":{"line":16,"column":7}},"loc":{"start":{"line":16,"column":27},"end":{"line":19,"column":3}}},"3":{"name":"(anonymous_3)","decl":{"start":{"line":21,"column":2},"end":{"line":21,"column":7}},"loc":{"start":{"line":21,"column":71},"end":{"line":24,"column":3}}},"4":{"name":"(anonymous_4)","decl":{"start":{"line":26,"column":2},"end":{"line":26,"column":7}},"loc":{"start":{"line":26,"column":58},"end":{"line":29,"column":3}}},"5":{"name":"(anonymous_5)","decl":{"start":{"line":31,"column":2},"end":{"line":31,"column":7}},"loc":{"start":{"line":31,"column":25},"end":{"line":35,"column":3}}},"6":{"name":"(anonymous_6)","decl":{"start":{"line":40,"column":2},"end":{"line":40,"column":7}},"loc":{"start":{"line":40,"column":73},"end":{"line":47,"column":3}}},"7":{"name":"(anonymous_7)","decl":{"start":{"line":52,"column":2},"end":{"line":52,"column":7}},"loc":{"start":{"line":52,"column":76},"end":{"line":59,"column":3}}}},"branchMap":{"0":{"loc":{"start":{"line":5,"column":31},"end":{"line":5,"column":76}},"type":"default-arg","locations":[{"start":{"line":5,"column":64},"end":{"line":5,"column":76}}]},"1":{"loc":{"start":{"line":17,"column":4},"end":{"line":17,"column":49}},"type":"if","locations":[{"start":{"line":17,"column":4},"end":{"line":17,"column":49}}]},"2":{"loc":{"start":{"line":27,"column":4},"end":{"line":27,"column":49}},"type":"if","locations":[{"start":{"line":27,"column":4},"end":{"line":27,"column":49}}]},"3":{"loc":{"start":{"line":32,"column":4},"end":{"line":32,"column":50}},"type":"if","locations":[{"start":{"line":32,"column":4},"end":{"line":32,"column":50}}]},"4":{"loc":{"start":{"line":41,"column":4},"end":{"line":41,"column":49}},"type":"if","locations":[{"start":{"line":41,"column":4},"end":{"line":41,"column":49}}]},"5":{"loc":{"start":{"line":53,"column":4},"end":{"line":53,"column":49}},"type":"if","locations":[{"start":{"line":53,"column":4},"end":{"line":53,"column":49}}]}},"s":{"0":34,"1":0,"2":0,"3":0,"4":0,"5":0,"6":0,"7":1,"8":1,"9":0,"10":0,"11":0,"12":0,"13":0,"14":0,"15":0,"16":0,"17":0,"18":0,"19":0,"20":0,"21":0},"f":{"0":34,"1":0,"2":0,"3":1,"4":0,"5":0,"6":0,"7":0},"b":{"0":[34],"1":[0],"2":[0],"3":[0],"4":[0],"5":[0]}}
,"/home/nilton/Documentos/crudfastify-mongodb/backend/src/routes/admin.routes.ts": {"path":"/home/nilton/Documentos/crudfastify-mongodb/backend/src/routes/admin.routes.ts","statementMap":{"0":{"start":{"line":8,"column":26},"end":{"line":8,"column":47}},"1":{"start":{"line":9,"column":23},"end":{"line":9,"column":56}},"2":{"start":{"line":10,"column":26},"end":{"line":10,"column":76}},"3":{"start":{"line":14,"column":2},"end":{"line":22,"column":33}},"4":{"start":{"line":24,"column":2},"end":{"line":31,"column":36}},"5":{"start":{"line":34,"column":2},"end":{"line":54,"column":5}},"6":{"start":{"line":35,"column":4},"end":{"line":35,"column":52}},"7":{"start":{"line":36,"column":4},"end":{"line":36,"column":50}},"8":{"start":{"line":39,"column":26},"end":{"line":43,"column":6}},"9":{"start":{"line":45,"column":4},"end":{"line":45,"column":81}},"10":{"start":{"line":46,"column":4},"end":{"line":46,"column":77}},"11":{"start":{"line":47,"column":4},"end":{"line":47,"column":75}},"12":{"start":{"line":48,"column":4},"end":{"line":48,"column":81}},"13":{"start":{"line":51,"column":4},"end":{"line":51,"column":80}},"14":{"start":{"line":52,"column":4},"end":{"line":52,"column":66}},"15":{"start":{"line":53,"column":4},"end":{"line":53,"column":72}}},"fnMap":{"0":{"name":"adminRoutes","decl":{"start":{"line":7,"column":22},"end":{"line":7,"column":33}},"loc":{"start":{"line":7,"column":54},"end":{"line":55,"column":1}}},"1":{"name":"(anonymous_1)","decl":{"start":{"line":34,"column":15},"end":{"line":34,"column":20}},"loc":{"start":{"line":34,"column":38},"end":{"line":54,"column":3}}}},"branchMap":{},"s":{"0":8,"1":8,"2":8,"3":8,"4":8,"5":8,"6":8,"7":8,"8":8,"9":8,"10":8,"11":8,"12":8,"13":8,"14":8,"15":8},"f":{"0":8,"1":8},"b":{}}
,"/home/nilton/Documentos/crudfastify-mongodb/backend/src/routes/auth.routes.ts": {"path":"/home/nilton/Documentos/crudfastify-mongodb/backend/src/routes/auth.routes.ts","statementMap":{"0":{"start":{"line":8,"column":19},"end":{"line":8,"column":58}},"1":{"start":{"line":9,"column":21},"end":{"line":9,"column":41}},"2":{"start":{"line":12,"column":24},"end":{"line":23,"column":4}},"3":{"start":{"line":25,"column":27},"end":{"line":35,"column":4}},"4":{"start":{"line":38,"column":2},"end":{"line":40,"column":34}},"5":{"start":{"line":42,"column":2},"end":{"line":44,"column":31}},"6":{"start":{"line":47,"column":2},"end":{"line":49,"column":31}},"7":{"start":{"line":51,"column":2},"end":{"line":53,"column":28}}},"fnMap":{"0":{"name":"authRoutes","decl":{"start":{"line":7,"column":22},"end":{"line":7,"column":32}},"loc":{"start":{"line":7,"column":53},"end":{"line":54,"column":1}}}},"branchMap":{},"s":{"0":8,"1":8,"2":8,"3":8,"4":8,"5":8,"6":8,"7":8},"f":{"0":8},"b":{}}
,"/home/nilton/Documentos/crudfastify-mongodb/backend/src/routes/cart.routes.ts": {"path":"/home/nilton/Documentos/crudfastify-mongodb/backend/src/routes/cart.routes.ts","statementMap":{"0":{"start":{"line":10,"column":23},"end":{"line":16,"column":2}},"1":{"start":{"line":18,"column":30},"end":{"line":21,"column":2}},"2":{"start":{"line":24,"column":19},"end":{"line":24,"column":58}},"3":{"start":{"line":27,"column":25},"end":{"line":27,"column":45}},"4":{"start":{"line":28,"column":28},"end":{"line":28,"column":51}},"5":{"start":{"line":29,"column":22},"end":{"line":29,"column":72}},"6":{"start":{"line":30,"column":21},"end":{"line":30,"column":52}},"7":{"start":{"line":32,"column":18},"end":{"line":32,"column":36}},"8":{"start":{"line":35,"column":19},"end":{"line":35,"column":53}},"9":{"start":{"line":40,"column":2},"end":{"line":56,"column":25}},"10":{"start":{"line":61,"column":2},"end":{"line":76,"column":25}},"11":{"start":{"line":81,"column":2},"end":{"line":94,"column":28}},"12":{"start":{"line":99,"column":2},"end":{"line":108,"column":27}}},"fnMap":{"0":{"name":"cartRoutes","decl":{"start":{"line":23,"column":22},"end":{"line":23,"column":32}},"loc":{"start":{"line":23,"column":53},"end":{"line":109,"column":1}}}},"branchMap":{},"s":{"0":9,"1":9,"2":9,"3":9,"4":9,"5":9,"6":9,"7":9,"8":9,"9":9,"10":9,"11":9,"12":9},"f":{"0":9},"b":{}}
,"/home/nilton/Documentos/crudfastify-mongodb/backend/src/routes/checkout.routes.ts": {"path":"/home/nilton/Documentos/crudfastify-mongodb/backend/src/routes/checkout.routes.ts","statementMap":{"0":{"start":{"line":13,"column":19},"end":{"line":13,"column":58}},"1":{"start":{"line":15,"column":26},"end":{"line":19,"column":null}},"2":{"start":{"line":22,"column":29},"end":{"line":22,"column":68}},"3":{"start":{"line":24,"column":2},"end":{"line":47,"column":4}},"4":{"start":{"line":46,"column":18},"end":{"line":46,"column":61}}},"fnMap":{"0":{"name":"checkoutRoutes","decl":{"start":{"line":12,"column":22},"end":{"line":12,"column":36}},"loc":{"start":{"line":12,"column":57},"end":{"line":48,"column":1}}},"1":{"name":"(anonymous_1)","decl":{"start":{"line":46,"column":4},"end":{"line":46,"column":5}},"loc":{"start":{"line":46,"column":18},"end":{"line":46,"column":61}}}},"branchMap":{},"s":{"0":8,"1":8,"2":8,"3":8,"4":0},"f":{"0":8,"1":0},"b":{}}
,"/home/nilton/Documentos/crudfastify-mongodb/backend/src/routes/customer.routes.ts": {"path":"/home/nilton/Documentos/crudfastify-mongodb/backend/src/routes/customer.routes.ts","statementMap":{"0":{"start":{"line":11,"column":19},"end":{"line":11,"column":58}},"1":{"start":{"line":14,"column":21},"end":{"line":15,"column":null}},"2":{"start":{"line":21,"column":2},"end":{"line":32,"column":52}},"3":{"start":{"line":32,"column":19},"end":{"line":32,"column":50}},"4":{"start":{"line":37,"column":2},"end":{"line":44,"column":48}},"5":{"start":{"line":44,"column":19},"end":{"line":44,"column":46}}},"fnMap":{"0":{"name":"customerRoutes","decl":{"start":{"line":9,"column":22},"end":{"line":9,"column":36}},"loc":{"start":{"line":9,"column":57},"end":{"line":45,"column":1}}},"1":{"name":"(anonymous_1)","decl":{"start":{"line":32,"column":5},"end":{"line":32,"column":6}},"loc":{"start":{"line":32,"column":19},"end":{"line":32,"column":50}}},"2":{"name":"(anonymous_2)","decl":{"start":{"line":44,"column":5},"end":{"line":44,"column":6}},"loc":{"start":{"line":44,"column":19},"end":{"line":44,"column":46}}}},"branchMap":{},"s":{"0":8,"1":8,"2":8,"3":0,"4":8,"5":0},"f":{"0":8,"1":0,"2":0},"b":{}}
,"/home/nilton/Documentos/crudfastify-mongodb/backend/src/routes/health.routes.ts": {"path":"/home/nilton/Documentos/crudfastify-mongodb/backend/src/routes/health.routes.ts","statementMap":{"0":{"start":{"line":7,"column":19},"end":{"line":7,"column":58}},"1":{"start":{"line":9,"column":2},"end":{"line":34,"column":5}},"2":{"start":{"line":25,"column":24},"end":{"line":25,"column":60}},"3":{"start":{"line":26,"column":4},"end":{"line":33,"column":7}}},"fnMap":{"0":{"name":"healthRoutes","decl":{"start":{"line":6,"column":22},"end":{"line":6,"column":34}},"loc":{"start":{"line":6,"column":55},"end":{"line":35,"column":1}}},"1":{"name":"(anonymous_1)","decl":{"start":{"line":24,"column":5},"end":{"line":24,"column":10}},"loc":{"start":{"line":24,"column":31},"end":{"line":34,"column":3}}}},"branchMap":{"0":{"loc":{"start":{"line":29,"column":16},"end":{"line":29,"column":58}},"type":"cond-expr","locations":[{"start":{"line":29,"column":30},"end":{"line":29,"column":41}},{"start":{"line":29,"column":44},"end":{"line":29,"column":58}}]}},"s":{"0":8,"1":8,"2":1,"3":1},"f":{"0":8,"1":1},"b":{"0":[0,1]}}
,"/home/nilton/Documentos/crudfastify-mongodb/backend/src/routes/order.routes.ts": {"path":"/home/nilton/Documentos/crudfastify-mongodb/backend/src/routes/order.routes.ts","statementMap":{"0":{"start":{"line":15,"column":19},"end":{"line":15,"column":58}},"1":{"start":{"line":18,"column":20},"end":{"line":18,"column":41}},"2":{"start":{"line":19,"column":22},"end":{"line":19,"column":45}},"3":{"start":{"line":20,"column":19},"end":{"line":20,"column":39}},"4":{"start":{"line":23,"column":23},"end":{"line":23,"column":63}},"5":{"start":{"line":24,"column":26},"end":{"line":29,"column":4}},"6":{"start":{"line":32,"column":26},"end":{"line":32,"column":76}},"7":{"start":{"line":34,"column":2},"end":{"line":34,"column":46}},"8":{"start":{"line":38,"column":2},"end":{"line":53,"column":61}},"9":{"start":{"line":53,"column":25},"end":{"line":53,"column":59}}},"fnMap":{"0":{"name":"orderRoutes","decl":{"start":{"line":14,"column":22},"end":{"line":14,"column":33}},"loc":{"start":{"line":14,"column":54},"end":{"line":56,"column":1}}},"1":{"name":"(anonymous_1)","decl":{"start":{"line":53,"column":5},"end":{"line":53,"column":10}},"loc":{"start":{"line":53,"column":25},"end":{"line":53,"column":59}}}},"branchMap":{},"s":{"0":8,"1":8,"2":8,"3":8,"4":8,"5":8,"6":8,"7":8,"8":8,"9":0},"f":{"0":8,"1":0},"b":{}}
,"/home/nilton/Documentos/crudfastify-mongodb/backend/src/routes/product.routes.ts": {"path":"/home/nilton/Documentos/crudfastify-mongodb/backend/src/routes/product.routes.ts","statementMap":{"0":{"start":{"line":19,"column":19},"end":{"line":19,"column":58}},"1":{"start":{"line":21,"column":21},"end":{"line":21,"column":44}},"2":{"start":{"line":22,"column":18},"end":{"line":22,"column":48}},"3":{"start":{"line":23,"column":21},"end":{"line":23,"column":51}},"4":{"start":{"line":25,"column":23},"end":{"line":25,"column":57}},"5":{"start":{"line":29,"column":2},"end":{"line":36,"column":25}},"6":{"start":{"line":38,"column":2},"end":{"line":48,"column":25}},"7":{"start":{"line":52,"column":2},"end":{"line":61,"column":24}},"8":{"start":{"line":63,"column":2},"end":{"line":73,"column":24}},"9":{"start":{"line":75,"column":2},"end":{"line":88,"column":24}}},"fnMap":{"0":{"name":"productRoutes","decl":{"start":{"line":18,"column":22},"end":{"line":18,"column":35}},"loc":{"start":{"line":18,"column":56},"end":{"line":89,"column":1}}}},"branchMap":{},"s":{"0":8,"1":8,"2":8,"3":8,"4":8,"5":8,"6":8,"7":8,"8":8,"9":8},"f":{"0":8},"b":{}}
[...]
e":9,"column":57}},"2":{"start":{"line":13,"column":29},"end":{"line":13,"column":64}},"3":{"start":{"line":15,"column":4},"end":{"line":17,"column":5}},"4":{"start":{"line":16,"column":6},"end":{"line":16,"column":53}},"5":{"start":{"line":19,"column":18},"end":{"line":19,"column":62}},"6":{"start":{"line":20,"column":4},"end":{"line":20,"column":57}},"7":{"start":{"line":20,"column":16},"end":{"line":20,"column":57}},"8":{"start":{"line":22,"column":4},"end":{"line":22,"column":56}},"9":{"start":{"line":22,"column":43},"end":{"line":22,"column":56}},"10":{"start":{"line":25,"column":4},"end":{"line":32,"column":5}},"11":{"start":{"line":26,"column":6},"end":{"line":26,"column":75}},"12":{"start":{"line":27,"column":6},"end":{"line":31,"column":8}},"13":{"start":{"line":29,"column":10},"end":{"line":29,"column":89}},"14":{"start":{"line":35,"column":4},"end":{"line":35,"column":72}},"15":{"start":{"line":38,"column":29},"end":{"line":38,"column":70}},"16":{"start":{"line":39,"column":35},"end":{"line":39,"column":84}},"17":{"start":{"line":40,"column":20},"end":{"line":40,"column":58}}},"fnMap":{"0":{"name":"(anonymous_0)","decl":{"start":{"line":7,"column":2},"end":{"line":7,"column":null}},"loc":{"start":{"line":9,"column":57},"end":{"line":10,"column":6}}},"1":{"name":"(anonymous_1)","decl":{"start":{"line":12,"column":2},"end":{"line":12,"column":7}},"loc":{"start":{"line":12,"column":57},"end":{"line":36,"column":3}}},"2":{"name":"(anonymous_2)","decl":{"start":{"line":28,"column":24},"end":{"line":28,"column":28}},"loc":{"start":{"line":29,"column":10},"end":{"line":29,"column":89}}},"3":{"name":"(anonymous_3)","decl":{"start":{"line":38,"column":2},"end":{"line":38,"column":14}},"loc":{"start":{"line":38,"column":25},"end":{"line":38,"column":72}}},"4":{"name":"(anonymous_4)","decl":{"start":{"line":39,"column":2},"end":{"line":39,"column":16}},"loc":{"start":{"line":39,"column":31},"end":{"line":39,"column":86}}},"5":{"name":"(anonymous_5)","decl":{"start":{"line":40,"column":2},"end":{"line":40,"column":15}},"loc":{"start":{"line":40,"column":15},"end":{"line":40,"column":60}}}},"branchMap":{"0":{"loc":{"start":{"line":15,"column":4},"end":{"line":17,"column":5}},"type":"if","locations":[{"start":{"line":15,"column":4},"end":{"line":17,"column":5}}]},"1":{"loc":{"start":{"line":20,"column":4},"end":{"line":20,"column":57}},"type":"if","locations":[{"start":{"line":20,"column":4},"end":{"line":20,"column":57}}]},"2":{"loc":{"start":{"line":22,"column":4},"end":{"line":22,"column":56}},"type":"if","locations":[{"start":{"line":22,"column":4},"end":{"line":22,"column":56}}]},"3":{"loc":{"start":{"line":25,"column":4},"end":{"line":32,"column":5}},"type":"if","locations":[{"start":{"line":25,"column":4},"end":{"line":32,"column":5}}]}},"s":{"0":12,"1":12,"2":2,"3":2,"4":1,"5":1,"6":1,"7":0,"8":1,"9":0,"10":1,"11":0,"12":0,"13":0,"14":1,"15":0,"16":1,"17":1},"f":{"0":12,"1":2,"2":0,"3":0,"4":1,"5":1},"b":{"0":[1],"1":[0],"2":[0],"3":[0]}}
,"/home/nilton/Documentos/crudfastify-mongodb/backend/src/services/product.service.ts": {"path":"/home/nilton/Documentos/crudfastify-mongodb/backend/src/services/product.service.ts","statementMap":{"0":{"start":{"line":21,"column":31},"end":{"line":21,"column":60}},"1":{"start":{"line":25,"column":27},"end":{"line":25,"column":95}},"2":{"start":{"line":27,"column":4},"end":{"line":39,"column":5}},"3":{"start":{"line":29,"column":22},"end":{"line":29,"column":85}},"4":{"start":{"line":30,"column":6},"end":{"line":30,"column":76}},"5":{"start":{"line":32,"column":6},"end":{"line":32,"column":61}},"6":{"start":{"line":34,"column":18},"end":{"line":34,"column":44}},"7":{"start":{"line":35,"column":6},"end":{"line":37,"column":7}},"8":{"start":{"line":36,"column":8},"end":{"line":36,"column":68}},"9":{"start":{"line":38,"column":6},"end":{"line":38,"column":18}},"10":{"start":{"line":43,"column":28},"end":{"line":43,"column":76}},"11":{"start":{"line":46,"column":26},"end":{"line":46,"column":72}},"12":{"start":{"line":46,"column":41},"end":{"line":46,"column":70}},"13":{"start":{"line":48,"column":4},"end":{"line":57,"column":6}},"14":{"start":{"line":61,"column":20},"end":{"line":61,"column":54}},"15":{"start":{"line":62,"column":4},"end":{"line":65,"column":5}},"16":{"start":{"line":63,"column":6},"end":{"line":63,"column":64}},"17":{"start":{"line":64,"column":6},"end":{"line":64,"column":61}},"18":{"start":{"line":66,"column":4},"end":{"line":66,"column":59}},"19":{"start":{"line":70,"column":20},"end":{"line":70,"column":41}},"20":{"start":{"line":73,"column":4},"end":{"line":75,"column":5}},"21":{"start":{"line":74,"column":6},"end":{"line":74,"column":117}},"22":{"start":{"line":77,"column":20},"end":{"line":77,"column":58}},"23":{"start":{"line":78,"column":4},"end":{"line":78,"column":71}},"24":{"start":{"line":78,"column":18},"end":{"line":78,"column":71}},"25":{"start":{"line":80,"column":4},"end":{"line":80,"column":59}},"26":{"start":{"line":84,"column":20},"end":{"line":84,"column":41}},"27":{"start":{"line":87,"column":4},"end":{"line":90,"column":5}},"28":{"start":{"line":88,"column":6},"end":{"line":88,"column":76}},"29":{"start":{"line":89,"column":6},"end":{"line":89,"column":102}},"30":{"start":{"line":92,"column":4},"end":{"line":92,"column":44}}},"fnMap":{"0":{"name":"(anonymous_0)","decl":{"start":{"line":21,"column":2},"end":{"line":21,"column":31}},"loc":{"start":{"line":21,"column":60},"end":{"line":21,"column":64}}},"1":{"name":"(anonymous_1)","decl":{"start":{"line":23,"column":2},"end":{"line":23,"column":7}},"loc":{"start":{"line":23,"column":33},"end":{"line":40,"column":3}}},"2":{"name":"(anonymous_2)","decl":{"start":{"line":42,"column":2},"end":{"line":42,"column":7}},"loc":{"start":{"line":42,"column":49},"end":{"line":58,"column":3}}},"3":{"name":"(anonymous_3)","decl":{"start":{"line":46,"column":35},"end":{"line":46,"column":36}},"loc":{"start":{"line":46,"column":41},"end":{"line":46,"column":70}}},"4":{"name":"(anonymous_4)","decl":{"start":{"line":60,"column":2},"end":{"line":60,"column":7}},"loc":{"start":{"line":60,"column":25},"end":{"line":67,"column":3}}},"5":{"name":"(anonymous_5)","decl":{"start":{"line":69,"column":2},"end":{"line":69,"column":7}},"loc":{"start":{"line":69,"column":54},"end":{"line":81,"column":3}}},"6":{"name":"(anonymous_6)","decl":{"start":{"line":83,"column":2},"end":{"line":83,"column":7}},"loc":{"start":{"line":83,"column":25},"end":{"line":93,"column":3}}}},"branchMap":{"0":{"loc":{"start":{"line":32,"column":13},"end":{"line":32,"column":60}},"type":"cond-expr","locations":[{"start":{"line":32,"column":32},"end":{"line":32,"column":50}},{"start":{"line":32,"column":53},"end":{"line":32,"column":60}}]},"1":{"loc":{"start":{"line":35,"column":6},"end":{"line":37,"column":7}},"type":"if","locations":[{"start":{"line":35,"column":6},"end":{"line":37,"column":7}}]},"2":{"loc":{"start":{"line":42,"column":13},"end":{"line":42,"column":29}},"type":"default-arg","locations":[{"start":{"line":42,"column":28},"end":{"line":42,"column":29}}]},"3":{"loc":{"start":{"line":42,"column":31},"end":{"line":42,"column":49}},"type":"default-arg","locations":[{"start":{"line":42,"column":47},"end":{"line":42,"column":49}}]},"4":{"loc":{"start":{"line":46,"column":41},"end":{"line":46,"column":70}},"type":"cond-expr","locations":[{"start":{"line":46,"column":54},"end":{"line":46,"column":66}},{"start":{"line":46,"column":69},"end":{"line":46,"column":70}}]},"5":{"loc":{"start":{"line":54,"column":18},"end":{"line":54,"column":47}},"type":"binary-expr","locations":[{"start":{"line":54,"column":18},"end":{"line":54,"column":42}},{"start":{"line":54,"column":46},"end":{"line":54,"column":47}}]},"6":{"loc":{"start":{"line":62,"column":4},"end":{"line":65,"column":5}},"type":"if","locations":[{"start":{"line":62,"column":4},"end":{"line":65,"column":5}}]},"7":{"loc":{"start":{"line":66,"column":11},"end":{"line":66,"column":58}},"type":"cond-expr","locations":[{"start":{"line":66,"column":30},"end":{"line":66,"column":48}},{"start":{"line":66,"column":51},"end":{"line":66,"column":58}}]},"8":{"loc":{"start":{"line":73,"column":4},"end":{"line":75,"column":5}},"type":"if","locations":[{"start":{"line":73,"column":4},"end":{"line":75,"column":5}}]},"9":{"loc":{"start":{"line":73,"column":8},"end":{"line":73,"column":54}},"type":"binary-expr","locations":[{"start":{"line":73,"column":8},"end":{"line":73,"column":18}},{"start":{"line":73,"column":22},"end":{"line":73,"column":54}}]},"10":{"loc":{"start":{"line":78,"column":4},"end":{"line":78,"column":71}},"type":"if","locations":[{"start":{"line":78,"column":4},"end":{"line":78,"column":71}}]},"11":{"loc":{"start":{"line":80,"column":11},"end":{"line":80,"column":58}},"type":"cond-expr","locations":[{"start":{"line":80,"column":30},"end":{"line":80,"column":48}},{"start":{"line":80,"column":51},"end":{"line":80,"column":58}}]},"12":{"loc":{"start":{"line":87,"column":4},"end":{"line":90,"column":5}},"type":"if","locations":[{"start":{"line":87,"column":4},"end":{"line":90,"column":5}}]}},"s":{"0":17,"1":3,"2":3,"3":3,"4":1,"5":1,"6":2,"7":2,"8":1,"9":1,"10":1,"11":1,"12":0,"13":1,"14":5,"15":5,"16":1,"17":1,"18":4,"19":2,"20":1,"21":1,"22":1,"23":1,"24":0,"25":1,"26":2,"27":2,"28":1,"29":1,"30":1},"f":{"0":17,"1":3,"2":1,"3":0,"4":5,"5":2,"6":2},"b":{"0":[0,1],"1":[1],"2":[0],"3":[0],"4":[0,0],"5":[1,1],"6":[1],"7":[4,0],"8":[1],"9":[1,1],"10":[0],"11":[0,1],"12":[1]}}
,"/home/nilton/Documentos/crudfastify-mongodb/backend/src/types/order.type.ts": {"path":"/home/nilton/Documentos/crudfastify-mongodb/backend/src/types/order.type.ts","statementMap":{"0":{"start":{"line":3,"column":30},"end":{"line":9,"column":11}}},"fnMap":{},"branchMap":{},"s":{"0":13},"f":{},"b":{}}
,"/home/nilton/Documentos/crudfastify-mongodb/backend/src/utils/error.handler.ts": {"path":"/home/nilton/Documentos/crudfastify-mongodb/backend/src/utils/error.handler.ts","statementMap":{"0":{"start":{"line":4,"column":28},"end":{"line":46,"column":1}},"1":{"start":{"line":9,"column":17},"end":{"line":9,"column":54}},"2":{"start":{"line":13,"column":2},"end":{"line":19,"column":3}},"3":{"start":{"line":14,"column":4},"end":{"line":18,"column":7}},"4":{"start":{"line":22,"column":2},"end":{"line":27,"column":3}},"5":{"start":{"line":23,"column":4},"end":{"line":26,"column":7}},"6":{"start":{"line":30,"column":2},"end":{"line":35,"column":3}},"7":{"start":{"line":31,"column":4},"end":{"line":34,"column":7}},"8":{"start":{"line":38,"column":2},"end":{"line":38,"column":27}},"9":{"start":{"line":41,"column":2},"end":{"line":45,"column":5}}},"fnMap":{"0":{"name":"(anonymous_0)","decl":{"start":{"line":4,"column":28},"end":{"line":4,"column":null}},"loc":{"start":{"line":8,"column":4},"end":{"line":46,"column":1}}}},"branchMap":{"0":{"loc":{"start":{"line":13,"column":2},"end":{"line":19,"column":3}},"type":"if","locations":[{"start":{"line":13,"column":2},"end":{"line":19,"column":3}}]},"1":{"loc":{"start":{"line":13,"column":6},"end":{"line":13,"column":80}},"type":"binary-expr","locations":[{"start":{"line":13,"column":6},"end":{"line":13,"column":31}},{"start":{"line":13,"column":35},"end":{"line":13,"column":60}},{"start":{"line":13,"column":64},"end":{"line":13,"column":80}}]},"2":{"loc":{"start":{"line":17,"column":14},"end":{"line":17,"column":88}},"type":"cond-expr","locations":[{"start":{"line":17,"column":42},"end":{"line":17,"column":69}},{"start":{"line":17,"column":72},"end":{"line":17,"column":88}}]},"3":{"loc":{"start":{"line":22,"column":2},"end":{"line":27,"column":3}},"type":"if","locations":[{"start":{"line":22,"column":2},"end":{"line":27,"column":3}}]},"4":{"loc":{"start":{"line":22,"column":6},"end":{"line":22,"column":58}},"type":"binary-expr","locations":[{"start":{"line":22,"column":6},"end":{"line":22,"column":30}},{"start":{"line":22,"column":34},"end":{"line":22,"column":58}}]},"5":{"loc":{"start":{"line":25,"column":15},"end":{"line":25,"column":48}},"type":"binary-expr","locations":[{"start":{"line":25,"column":15},"end":{"line":25,"column":28}},{"start":{"line":25,"column":32},"end":{"line":25,"column":48}}]},"6":{"loc":{"start":{"line":30,"column":2},"end":{"line":35,"column":3}},"type":"if","locations":[{"start":{"line":30,"column":2},"end":{"line":35,"column":3}}]},"7":{"loc":{"start":{"line":30,"column":6},"end":{"line":30,"column":81}},"type":"binary-expr","locations":[{"start":{"line":30,"column":6},"end":{"line":30,"column":51}},{"start":{"line":30,"column":55},"end":{"line":30,"column":81}}]},"8":{"loc":{"start":{"line":41,"column":22},"end":{"line":41,"column":45}},"type":"binary-expr","locations":[{"start":{"line":41,"column":22},"end":{"line":41,"column":38}},{"start":{"line":41,"column":42},"end":{"line":41,"column":45}}]},"9":{"loc":{"start":{"line":43,"column":13},"end":{"line":43,"column":64}},"type":"cond-expr","locations":[{"start":{"line":43,"column":22},"end":{"line":43,"column":48}},{"start":{"line":43,"column":51},"end":{"line":43,"column":64}}]},"10":{"loc":{"start":{"line":44,"column":10},"end":{"line":44,"column":40}},"type":"binary-expr","locations":[{"start":{"line":44,"column":10},"end":{"line":44,"column":20}},{"start":{"line":44,"column":24},"end":{"line":44,"column":40}}]}},"s":{"0":8,"1":2,"2":2,"3":2,"4":0,"5":0,"6":0,"7":0,"8":0,"9":0},"f":{"0":2},"b":{"0":[2],"1":[2,2,2],"2":[0,2],"3":[0],"4":[0,0],"5":[0,0],"6":[0],"7":[0,0],"8":[0,0],"9":[0,0],"10":[0,0]}}
,"/home/nilton/Documentos/crudfastify-mongodb/backend/src/utils/errors.ts": {"path":"/home/nilton/Documentos/crudfastify-mongodb/backend/src/utils/errors.ts","statementMap":{"0":{"start":{"line":6,"column":4},"end":{"line":6,"column":19}},"1":{"start":{"line":7,"column":4},"end":{"line":7,"column":33}},"2":{"start":{"line":8,"column":4},"end":{"line":8,"column":39}},"3":{"start":{"line":9,"column":4},"end":{"line":9,"column":38}},"4":{"start":{"line":10,"column":4},"end":{"line":10,"column":52}},"5":{"start":{"line":15,"column":57},"end":{"line":15,"column":77}},"6":{"start":{"line":19,"column":33},"end":{"line":19,"column":53}},"7":{"start":{"line":23,"column":52},"end":{"line":23,"column":72}},"8":{"start":{"line":27,"column":51},"end":{"line":27,"column":71}},"9":{"start":{"line":31,"column":60},"end":{"line":31,"column":80}},"10":{"start":{"line":35,"column":46},"end":{"line":35,"column":66}}},"fnMap":{"0":{"name":"(anonymous_0)","decl":{"start":{"line":5,"column":2},"end":{"line":5,"column":14}},"loc":{"start":{"line":5,"column":86},"end":{"line":11,"column":3}}},"1":{"name":"(anonymous_1)","decl":{"start":{"line":15,"column":2},"end":{"line":15,"column":14}},"loc":{"start":{"line":15,"column":53},"end":{"line":15,"column":79}}},"2":{"name":"(anonymous_2)","decl":{"start":{"line":19,"column":2},"end":{"line":19,"column":14}},"loc":{"start":{"line":19,"column":29},"end":{"line":19,"column":55}}},"3":{"name":"(anonymous_3)","decl":{"start":{"line":23,"column":2},"end":{"line":23,"column":14}},"loc":{"start":{"line":23,"column":48},"end":{"line":23,"column":74}}},"4":{"name":"(anonymous_4)","decl":{"start":{"line":27,"column":2},"end":{"line":27,"column":14}},"loc":{"start":{"line":27,"column":47},"end":{"line":27,"column":73}}},"5":{"name":"(anonymous_5)","decl":{"start":{"line":31,"column":2},"end":{"line":31,"column":14}},"loc":{"start":{"line":31,"column":56},"end":{"line":31,"column":82}}},"6":{"name":"(anonymous_6)","decl":{"start":{"line":35,"column":2},"end":{"line":35,"column":14}},"loc":{"start":{"line":35,"column":42},"end":{"line":35,"column":68}}}},"branchMap":{"0":{"loc":{"start":{"line":5,"column":31},"end":{"line":5,"column":55}},"type":"default-arg","locations":[{"start":{"line":5,"column":52},"end":{"line":5,"column":55}}]},"1":{"loc":{"start":{"line":5,"column":57},"end":{"line":5,"column":86}},"type":"default-arg","locations":[{"start":{"line":5,"column":82},"end":{"line":5,"column":86}}]},"2":{"loc":{"start":{"line":15,"column":14},"end":{"line":15,"column":53}},"type":"default-arg","locations":[{"start":{"line":15,"column":32},"end":{"line":15,"column":53}}]},"3":{"loc":{"start":{"line":23,"column":14},"end":{"line":23,"column":48}},"type":"default-arg","locations":[{"start":{"line":23,"column":32},"end":{"line":23,"column":48}}]},"4":{"loc":{"start":{"line":27,"column":14},"end":{"line":27,"column":47}},"type":"default-arg","locations":[{"start":{"line":27,"column":32},"end":{"line":27,"column":47}}]},"5":{"loc":{"start":{"line":31,"column":14},"end":{"line":31,"column":56}},"type":"default-arg","locations":[{"start":{"line":31,"column":32},"end":{"line":31,"column":56}}]},"6":{"loc":{"start":{"line":35,"column":14},"end":{"line":35,"column":42}},"type":"default-arg","locations":[{"start":{"line":35,"column":32},"end":{"line":35,"column":42}}]}},"s":{"0":8,"1":8,"2":8,"3":8,"4":8,"5":0,"6":1,"7":1,"8":1,"9":2,"10":1},"f":{"0":8,"1":0,"2":1,"3":1,"4":1,"5":2,"6":1},"b":{"0":[1],"1":[8],"2":[0],"3":[1],"4":[1],"5":[1],"6":[1]}}
,"/home/nilton/Documentos/crudfastify-mongodb/backend/tests/helpers/mongo-memory.ts": {"path":"/home/nilton/Documentos/crudfastify-mongodb/backend/tests/helpers/mongo-memory.ts","statementMap":{"0":{"start":{"line":6,"column":32},"end":{"line":25,"column":1}},"1":{"start":{"line":7,"column":2},"end":{"line":7,"column":51}},"2":{"start":{"line":7,"column":44},"end":{"line":7,"column":51}},"3":{"start":{"line":9,"column":2},"end":{"line":14,"column":5}},"4":{"start":{"line":16,"column":14},"end":{"line":16,"column":30}},"5":{"start":{"line":18,"column":2},"end":{"line":20,"column":5}},"6":{"start":{"line":24,"column":2},"end":{"line":24,"column":61}},"7":{"start":{"line":27,"column":35},"end":{"line":34,"column":1}},"8":{"start":{"line":28,"column":2},"end":{"line":30,"column":3}},"9":{"start":{"line":29,"column":4},"end":{"line":29,"column":32}},"10":{"start":{"line":31,"column":2},"end":{"line":33,"column":3}},"11":{"start":{"line":32,"column":4},"end":{"line":32,"column":25}},"12":{"start":{"line":36,"column":29},"end":{"line":44,"column":1}},"13":{"start":{"line":38,"column":2},"end":{"line":38,"column":51}},"14":{"start":{"line":38,"column":44},"end":{"line":38,"column":51}},"15":{"start":{"line":40,"column":22},"end":{"line":40,"column":53}},"16":{"start":{"line":41,"column":2},"end":{"line":43,"column":3}},"17":{"start":{"line":42,"column":4},"end":{"line":42,"column":42}},"18":{"start":{"line":47,"column":29},"end":{"line":47,"column":45}},"19":{"start":{"line":48,"column":32},"end":{"line":48,"column":51}},"20":{"start":{"line":49,"column":27},"end":{"line":49,"column":40}}},"fnMap":{"0":{"name":"(anonymous_0)","decl":{"start":{"line":6,"column":32},"end":{"line":6,"column":37}},"loc":{"start":{"line":6,"column":43},"end":{"line":25,"column":1}}},"1":{"name":"(anonymous_1)","decl":{"start":{"line":27,"column":35},"end":{"line":27,"column":40}},"loc":{"start":{"line":27,"column":46},"end":{"line":34,"column":1}}},"2":{"name":"(anonymous_2)","decl":{"start":{"line":36,"column":29},"end":{"line":36,"column":34}},"loc":{"start":{"line":36,"column":40},"end":{"line":44,"column":1}}}},"branchMap":{"0":{"loc":{"start":{"line":7,"column":2},"end":{"line":7,"column":51}},"type":"if","locations":[{"start":{"line":7,"column":2},"end":{"line":7,"column":51}}]},"1":{"loc":{"start":{"line":28,"column":2},"end":{"line":30,"column":3}},"type":"if","locations":[{"start":{"line":28,"column":2},"end":{"line":30,"column":3}}]},"2":{"loc":{"start":{"line":31,"column":2},"end":{"line":33,"column":3}},"type":"if","locations":[{"start":{"line":31,"column":2},"end":{"line":33,"column":3}}]},"3":{"loc":{"start":{"line":38,"column":2},"end":{"line":38,"column":51}},"type":"if","locations":[{"start":{"line":38,"column":2},"end":{"line":38,"column":51}}]}},"s":{"0":10,"1":10,"2":0,"3":10,"4":10,"5":10,"6":10,"7":10,"8":10,"9":10,"10":10,"11":10,"12":10,"13":20,"14":0,"15":20,"16":20,"17":57,"18":10,"19":10,"20":10},"f":{"0":10,"1":10,"2":20},"b":{"0":[0],"1":[10],"2":[10],"3":[0]}}
}
