TN:
SF:src/app.ts
FN:16,buildApp
FN:20,(anonymous_1)
FNF:2
FNH:2
FNDA:8,buildApp
FNDA:16,(anonymous_1)
DA:17,8
DA:20,16
DA:30,8
DA:31,8
DA:34,8
DA:46,8
DA:47,8
DA:48,8
DA:51,8
DA:52,8
DA:53,8
DA:56,8
DA:58,8
DA:60,8
LF:14
LH:14
BRDA:22,0,0,0
BRDA:22,0,1,8
BRDA:24,1,0,8
BRDA:24,1,1,0
BRDA:35,2,0,8
BRDA:35,2,1,0
BRF:6
BRH:3
end_of_record
TN:
SF:src/config/env.ts
FNF:0
FNH:0
DA:5,8
DA:8,8
DA:10,8
DA:28,8
DA:30,8
DA:32,0
DA:34,0
DA:40,0
DA:48,8
LF:9
LH:6
BRDA:30,0,0,0
BRF:1
BRH:0
end_of_record
TN:
SF:src/controllers/admin.controller.ts
FN:36,(anonymous_0)
FN:45,(anonymous_1)
FN:60,(anonymous_2)
FN:74,(anonymous_3)
FN:99,(anonymous_4)
FN:109,(anonymous_5)
FN:118,(anonymous_6)
FN:132,(anonymous_7)
FN:141,(anonymous_8)
FN:150,(anonymous_9)
FN:159,(anonymous_10)
FNF:11
FNH:11
FNDA:22,(anonymous_0)
FNDA:11,(anonymous_1)
FNDA:2,(anonymous_2)
FNDA:4,(anonymous_3)
FNDA:4,(anonymous_4)
FNDA:2,(anonymous_5)
FNDA:2,(anonymous_6)
FNDA:3,(anonymous_7)
FNDA:2,(anonymous_8)
FNDA:2,(anonymous_9)
FNDA:2,(anonymous_10)
DA:13,9
DA:16,9
DA:20,9
DA:26,9
DA:31,9
DA:37,22
DA:38,22
DA:46,11
DA:47,11
DA:48,11
DA:50,11
DA:52,11
DA:60,22
DA:61,2
DA:62,2
DA:63,2
DA:64,1
DA:68,1
DA:70,1
DA:74,22
DA:75,4
DA:76,4
DA:77,4
DA:79,3
DA:80,3
DA:82,3
DA:83,2
DA:84,2
DA:87,1
DA:93,1
DA:95,1
DA:99,22
DA:100,4
DA:102,4
DA:103,1
DA:105,3
DA:109,22
DA:110,2
DA:111,2
DA:112,1
DA:114,1
DA:118,22
DA:122,2
DA:123,2
DA:124,1
DA:126,1
DA:132,22
DA:133,3
DA:134,3
DA:135,2
DA:137,1
DA:141,22
DA:142,2
DA:143,2
DA:144,1
DA:146,1
DA:150,22
DA:151,2
DA:152,2
DA:153,1
DA:155,1
DA:159,22
DA:160,2
DA:161,2
DA:162,1
DA:164,1
LF:66
LH:66
BRDA:47,0,0,11
BRDA:47,0,1,11
BRDA:48,1,0,11
BRDA:48,1,1,0
BRDA:54,2,0,11
BRDA:54,2,1,0
BRDA:79,3,0,3
BRDA:79,3,1,1
BRDA:82,4,0,2
BRDA:82,5,0,3
BRDA:82,5,1,2
BRF:11
BRH:9
end_of_record
TN:
SF:src/controllers/auth.controller.ts
FN:13,(anonymous_0)
FN:21,(anonymous_1)
FN:43,(anonymous_2)
FN:58,(anonymous_3)
FN:61,(anonymous_4)
FN:64,(anonymous_5)
FN:91,(anonymous_6)
FNF:7
FNH:7
FNDA:15,(anonymous_0)
FNDA:7,(anonymous_1)
FNDA:5,(anonymous_2)
FNDA:5,(anonymous_3)
FNDA:2,(anonymous_4)
FNDA:3,(anonymous_5)
FNDA:2,(anonymous_6)
DA:16,15
DA:21,15
DA:26,7
DA:28,7
DA:29,1
DA:36,6
DA:37,6
DA:39,6
DA:43,5
DA:46,5
DA:50,1
DA:51,1
DA:58,15
DA:59,5
DA:61,15
DA:62,2
DA:64,15
DA:65,3
DA:67,3
DA:68,1
DA:74,2
DA:75,2
DA:76,2
DA:78,2
DA:87,0
DA:91,15
DA:92,2
DA:94,2
DA:95,0
DA:101,2
DA:102,2
DA:103,2
DA:105,1
DA:114,1
LF:34
LH:32
BRDA:16,0,0,15
BRDA:16,0,1,15
BRDA:28,1,0,1
BRDA:67,2,0,1
BRDA:94,3,0,0
BRF:5
BRH:4
end_of_record
TN:
SF:src/controllers/cart.controller.ts
FN:16,(anonymous_0)
FN:18,(anonymous_1)
FN:29,(anonymous_2)
FN:46,(anonymous_3)
FN:62,(anonymous_4)
FN:75,(anonymous_5)
FNF:6
FNH:4
FNDA:11,(anonymous_0)
FNDA:2,(anonymous_1)
FNDA:1,(anonymous_2)
FNDA:0,(anonymous_3)
FNDA:0,(anonymous_4)
FNDA:1,(anonymous_5)
DA:16,11
DA:18,11
DA:19,2
DA:21,2
DA:22,2
DA:23,1
DA:25,1
DA:29,11
DA:30,1
DA:31,1
DA:32,1
DA:34,1
DA:36,1
DA:42,0
DA:46,11
DA:47,0
DA:48,0
DA:49,0
DA:51,0
DA:52,0
DA:58,0
DA:62,11
DA:63,0
DA:64,0
DA:65,0
DA:66,0
DA:71,0
DA:76,1
DA:77,1
DA:79,1
DA:80,1
DA:84,1
LF:32
LH:20
BRDA:79,0,0,1
BRDA:79,0,1,1
BRDA:80,1,0,0
BRDA:80,1,1,1
BRDA:82,2,0,1
BRDA:82,2,1,0
BRF:6
BRH:4
end_of_record
TN:
SF:src/controllers/checkout.controller.ts
FN:17,(anonymous_0)
FN:19,(anonymous_1)
FN:66,(anonymous_2)
FNF:3
FNH:3
FNDA:13,(anonymous_0)
FNDA:5,(anonymous_1)
FNDA:5,(anonymous_2)
DA:17,13
DA:19,13
DA:23,5
DA:25,5
DA:26,5
DA:28,5
DA:29,1
DA:36,4
DA:38,4
DA:39,1
DA:46,3
DA:48,1
DA:56,2
DA:59,2
DA:65,2
DA:66,5
DA:69,2
DA:70,1
DA:77,1
LF:19
LH:19
BRDA:28,0,0,1
BRDA:28,1,0,5
BRDA:28,1,1,5
BRDA:38,2,0,1
BRDA:38,3,0,4
BRDA:38,3,1,3
BRDA:56,4,0,2
BRDA:56,4,1,0
BRDA:60,5,0,2
BRDA:60,5,1,0
BRDA:69,6,0,1
BRF:11
BRH:9
end_of_record
TN:
SF:src/controllers/customer.controller.ts
FN:5,(anonymous_0)
FN:10,(anonymous_1)
FN:29,(anonymous_2)
FNF:3
FNH:3
FNDA:11,(anonymous_0)
FNDA:2,(anonymous_1)
FNDA:1,(anonymous_2)
DA:5,11
DA:10,11
DA:12,2
DA:14,2
DA:16,2
DA:17,1
DA:23,1
DA:29,11
DA:30,1
LF:9
LH:9
BRDA:16,0,0,1
BRF:1
BRH:1
end_of_record
TN:
SF:src/controllers/order.controller.ts
FN:6,(anonymous_0)
FN:11,(anonymous_1)
FN:32,(anonymous_2)
FN:42,(anonymous_3)
FN:52,(anonymous_4)
FN:61,(anonymous_5)
FNF:6
FNH:3
FNDA:10,(anonymous_0)
FNDA:1,(anonymous_1)
FNDA:0,(anonymous_2)
FNDA:0,(anonymous_3)
FNDA:0,(anonymous_4)
FNDA:1,(anonymous_5)
DA:7,10
DA:8,10
DA:12,1
DA:13,1
DA:17,1
DA:19,1
DA:21,1
DA:27,0
DA:33,0
DA:34,0
DA:35,0
DA:36,0
DA:38,0
DA:43,0
DA:44,0
DA:45,0
DA:46,0
DA:48,0
DA:53,0
DA:54,0
DA:55,0
DA:57,0
DA:62,1
DA:63,1
DA:64,1
DA:65,1
DA:66,1
DA:72,0
LF:28
LH:12
BRDA:17,0,0,1
BRDA:17,0,1,0
BRF:2
BRH:1
end_of_record
TN:
SF:src/controllers/product.controller.ts
FN:6,(anonymous_0)
FN:11,(anonymous_1)
FN:22,(anonymous_2)
FN:38,(anonymous_3)
FN:50,(anonymous_4)
FN:61,(anonymous_5)
FNF:6
FNH:6
FNDA:18,(anonymous_0)
FNDA:2,(anonymous_1)
FNDA:2,(anonymous_2)
FNDA:2,(anonymous_3)
FNDA:2,(anonymous_4)
FNDA:2,(anonymous_5)
DA:6,18
DA:11,18
DA:12,2
DA:14,2
DA:15,2
DA:16,1
DA:18,1
DA:22,18
DA:23,2
DA:24,2
DA:25,2
DA:28,1
DA:29,1
DA:32,0
DA:34,1
DA:38,18
DA:39,2
DA:41,2
DA:42,2
DA:43,1
DA:45,1
DA:46,1
DA:50,18
DA:51,2
DA:52,2
DA:53,2
DA:54,2
DA:55,1
DA:57,1
DA:61,18
DA:62,2
DA:63,2
DA:64,2
DA:65,1
DA:67,1
LF:35
LH:34
BRDA:28,0,0,1
BRDA:45,1,0,1
BRDA:45,1,1,0
BRF:3
BRH:2
end_of_record
TN:
SF:src/events/event-bus.ts
FN:4,(anonymous_0)
FN:15,(anonymous_1)
FN:22,(anonymous_2)
FN:26,(anonymous_3)
FNF:4
FNH:2
FNDA:9,(anonymous_0)
FNDA:0,(anonymous_1)
FNDA:1,(anonymous_2)
FNDA:0,(anonymous_3)
DA:4,9
DA:5,9
DA:6,9
DA:7,9
DA:13,9
DA:16,0
DA:17,0
DA:18,0
DA:23,1
DA:26,1
DA:27,0
DA:28,0
DA:31,0
DA:37,9
LF:14
LH:8
BRDA:4,0,0,9
BRDA:4,0,1,9
BRDA:16,1,0,0
BRDA:16,1,1,0
BRDA:23,2,0,1
BRDA:23,2,1,1
BRF:6
BRH:4
end_of_record
TN:
SF:src/middlewares/authorization.ts
FN:3,(anonymous_0)
FN:11,(anonymous_1)
FN:26,(anonymous_2)
FN:27,(anonymous_3)
FN:43,(anonymous_4)
FN:65,(anonymous_5)
FNF:6
FNH:4
FNDA:8,(anonymous_0)
FNDA:10,(anonymous_1)
FNDA:16,(anonymous_2)
FNDA:6,(anonymous_3)
FNDA:0,(anonymous_4)
FNDA:0,(anonymous_5)
DA:3,8
DA:4,8
DA:5,8
DA:11,8
DA:12,10
DA:13,10
DA:15,2
DA:16,2
DA:26,8
DA:27,16
DA:28,6
DA:30,6
DA:31,1
DA:43,8
DA:44,0
DA:45,0
DA:47,0
DA:48,0
DA:51,0
DA:52,0
DA:54,0
DA:55,0
DA:65,8
DA:66,0
DA:68,0
DA:69,0
DA:74,8
DA:75,8
LF:28
LH:17
BRDA:3,0,0,8
BRDA:3,0,1,8
BRDA:15,1,0,2
BRDA:15,1,1,0
BRDA:30,2,0,1
BRDA:30,3,0,6
BRDA:30,3,1,6
BRDA:47,4,0,0
BRDA:54,5,0,0
BRDA:54,6,0,0
BRDA:54,6,1,0
BRDA:68,7,0,0
BRF:12
BRH:6
end_of_record
TN:
SF:src/models/admin.ts
FNF:0
FNH:0
DA:14,10
DA:47,10
LF:2
LH:2
BRF:0
BRH:0
end_of_record
TN:
SF:src/models/cart.model.ts
FNF:0
FNH:0
DA:15,11
DA:23,11
DA:37,11
DA:39,11
LF:4
LH:4
BRF:0
BRH:0
end_of_record
TN:
SF:src/models/customer.model.ts
FNF:0
FNH:0
DA:21,12
DA:49,12
LF:2
LH:2
BRF:0
BRH:0
end_of_record
TN:
SF:src/models/order.model.ts
FNF:0
FNH:0
DA:22,12
DA:66,12
DA:72,12
DA:74,12
LF:4
LH:4
BRF:0
BRH:0
end_of_record
TN:
SF:src/models/product.model.ts
FNF:0
FNH:0
DA:16,13
DA:29,13
LF:2
LH:2
BRF:0
BRH:0
end_of_record
TN:
SF:src/plugins/cors.ts
FN:5,(anonymous_0)
FN:7,(anonymous_1)
FNF:2
FNH:2
FNDA:8,(anonymous_0)
FNDA:16,(anonymous_1)
DA:6,8
DA:9,16
DA:13,16
DA:14,16
DA:15,16
DA:19,0
DA:20,0
LF:7
LH:5
BRDA:9,0,0,16
BRDA:9,0,1,0
BRDA:13,1,0,16
BRDA:13,2,0,16
BRDA:13,2,1,0
BRF:5
BRH:3
end_of_record
TN:
SF:src/plugins/jwt.ts
FN:6,(anonymous_0)
FN:24,(anonymous_1)
FNF:2
FNH:1
FNDA:8,(anonymous_0)
FNDA:0,(anonymous_1)
DA:7,8
DA:21,8
DA:24,8
DA:25,0
DA:26,0
DA:28,0
DA:29,0
LF:7
LH:3
BRDA:8,0,0,8
BRDA:8,0,1,0
BRF:2
BRH:1
end_of_record
TN:
SF:src/plugins/logger.ts
FNF:0
FNH:0
DA:3,12
DA:5,12
LF:2
LH:2
BRDA:7,0,0,0
BRDA:7,0,1,12
BRDA:9,1,0,12
BRDA:9,1,1,0
BRF:4
BRH:2
end_of_record
TN:
SF:src/plugins/plugin.env.ts
FN:8,(anonymous_0)
FNF:1
FNH:1
FNDA:8,(anonymous_0)
DA:9,8
LF:1
LH:1
BRF:0
BRH:0
end_of_record
TN:
SF:src/plugins/rate-limit.ts
FN:7,(anonymous_0)
FN:13,(anonymous_1)
FN:17,(anonymous_2)
FNF:3
FNH:2
FNDA:8,(anonymous_0)
FNDA:2,(anonymous_1)
FNDA:0,(anonymous_2)
DA:8,8
DA:15,2
DA:17,0
LF:3
LH:2
BRDA:15,0,0,2
BRDA:15,0,1,2
BRF:2
BRH:2
end_of_record
TN:
SF:src/plugins/swagger.ts
FN:7,swaggerGenerator
FN:42,(anonymous_1)
FNF:2
FNH:1
FNDA:8,swaggerGenerator
FNDA:0,(anonymous_1)
DA:8,8
DA:10,8
DA:12,8
DA:28,8
DA:37,8
DA:40,0
DA:42,0
DA:43,0
DA:51,8
LF:9
LH:6
BRDA:10,0,0,8
BRDA:10,0,1,0
BRF:2
BRH:1
end_of_record
TN:
SF:src/plugins/zod.ts
FN:9,zodPlugin
FNF:1
FNH:1
FNDA:8,zodPlugin
DA:11,8
DA:12,8
LF:2
LH:2
BRF:0
BRH:0
end_of_record
TN:
SF:src/repositories/admin.repository.ts
FN:8,(anonymous_0)
FN:13,(anonymous_1)
FN:17,(anonymous_2)
FN:21,(anonymous_3)
FN:26,(anonymous_4)
FN:31,(anonymous_5)
FN:40,(anonymous_6)
FN:45,(anonymous_7)
FN:51,(anonymous_8)
FN:55,(anonymous_9)
FN:60,(anonymous_10)
FNF:11
FNH:11
FNDA:2,(anonymous_0)
FNDA:1,(anonymous_1)
FNDA:5,(anonymous_2)
FNDA:2,(anonymous_3)
FNDA:1,(anonymous_4)
FNDA:1,(anonymous_5)
FNDA:2,(anonymous_6)
FNDA:1,(anonymous_7)
FNDA:1,(anonymous_8)
FNDA:1,(anonymous_9)
FNDA:1,(anonymous_10)
DA:9,2
DA:14,1
DA:18,5
DA:22,2
DA:28,1
DA:32,1
DA:42,2
DA:46,1
DA:47,1
DA:52,1
DA:57,1
DA:61,1
DA:62,1
LF:13
LH:13
BRF:0
BRH:0
end_of_record
TN:
SF:src/repositories/cart.repository.ts
FN:25,(anonymous_0)
FN:41,(anonymous_1)
FN:68,(anonymous_2)
FN:83,(anonymous_3)
FN:95,(anonymous_4)
FNF:5
FNH:3
FNDA:2,(anonymous_0)
FNDA:6,(anonymous_1)
FNDA:0,(anonymous_2)
FNDA:0,(anonymous_3)
FNDA:2,(anonymous_4)
DA:26,2
DA:28,2
DA:42,6
DA:43,6
DA:46,6
DA:53,6
DA:54,5
DA:61,6
DA:69,0
DA:71,0
DA:84,0
DA:86,0
DA:92,0
DA:96,2
DA:97,2
DA:98,2
LF:16
LH:11
BRDA:26,0,0,0
BRDA:53,1,0,5
BRDA:69,2,0,0
BRDA:84,3,0,0
BRDA:96,4,0,0
BRF:5
BRH:1
end_of_record
TN:
SF:src/repositories/customer.repository.ts
FN:7,(anonymous_0)
FN:17,(anonymous_1)
FN:26,(anonymous_2)
FN:33,(anonymous_3)
FN:41,(anonymous_4)
FN:50,(anonymous_5)
FNF:6
FNH:5
FNDA:1,(anonymous_0)
FNDA:2,(anonymous_1)
FNDA:0,(anonymous_2)
FNDA:1,(anonymous_3)
FNDA:1,(anonymous_4)
FNDA:1,(anonymous_5)
DA:8,1
DA:18,2
DA:27,0
DA:34,1
DA:35,1
DA:42,1
DA:51,1
LF:7
LH:6
BRF:0
BRH:0
end_of_record
TN:
SF:src/repositories/order.repository.ts
FN:43,(anonymous_0)
FN:56,(anonymous_1)
FN:64,(anonymous_2)
FN:72,(anonymous_3)
FN:83,(anonymous_4)
FN:93,(anonymous_5)
FN:105,(anonymous_6)
FNF:7
FNH:4
FNDA:1,(anonymous_0)
FNDA:1,(anonymous_1)
FNDA:0,(anonymous_2)
FNDA:1,(anonymous_3)
FNDA:0,(anonymous_4)
FNDA:1,(anonymous_5)
FNDA:0,(anonymous_6)
DA:44,1
DA:45,1
DA:57,1
DA:58,1
DA:65,0
DA:66,0
DA:73,1
DA:74,1
DA:84,0
DA:94,1
DA:95,1
DA:106,0
DA:107,0
LF:13
LH:8
BRDA:44,0,0,0
BRDA:65,1,0,0
BRDA:73,2,0,0
BRDA:94,3,0,0
BRDA:106,4,0,0
BRF:5
BRH:0
end_of_record
TN:
SF:src/repositories/product.repository.ts
FN:5,(anonymous_0)
FN:7,(anonymous_1)
FN:16,(anonymous_2)
FN:21,(anonymous_3)
FN:26,(anonymous_4)
FN:31,(anonymous_5)
FN:40,(anonymous_6)
FN:52,(anonymous_7)
FNF:8
FNH:2
FNDA:34,(anonymous_0)
FNDA:0,(anonymous_1)
FNDA:0,(anonymous_2)
FNDA:1,(anonymous_3)
FNDA:0,(anonymous_4)
FNDA:0,(anonymous_5)
FNDA:0,(anonymous_6)
FNDA:0,(anonymous_7)
DA:5,34
DA:8,0
DA:9,0
DA:13,0
DA:17,0
DA:18,0
DA:22,1
DA:23,1
DA:27,0
DA:28,0
DA:32,0
DA:33,0
DA:34,0
DA:41,0
DA:42,0
DA:53,0
DA:54,0
LF:17
LH:3
BRDA:5,0,0,34
BRDA:17,1,0,0
BRDA:27,2,0,0
BRDA:32,3,0,0
BRDA:41,4,0,0
BRDA:53,5,0,0
BRF:6
BRH:1
end_of_record
TN:
SF:src/routes/admin.routes.ts
FN:7,adminRoutes
FN:34,(anonymous_1)
FNF:2
FNH:2
FNDA:8,adminRoutes
FNDA:8,(anonymous_1)
DA:8,8
DA:9,8
DA:10,8
DA:14,8
DA:24,8
DA:34,8
DA:35,8
DA:36,8
DA:39,8
DA:45,8
DA:46,8
DA:47,8
DA:48,8
DA:51,8
DA:52,8
DA:53,8
LF:16
LH:16
BRF:0
BRH:0
end_of_record
TN:
SF:src/routes/auth.routes.ts
FN:7,authRoutes
FNF:1
FNH:1
FNDA:8,authRoutes
DA:8,8
DA:9,8
DA:12,8
DA:25,8
DA:38,8
DA:42,8
DA:47,8
DA:51,8
LF:8
LH:8
BRF:0
BRH:0
end_of_record
TN:
SF:src/routes/cart.routes.ts
FN:23,cartRoutes
FNF:1
FNH:1
FNDA:9,cartRoutes
DA:10,9
DA:18,9
DA:24,9
DA:27,9
DA:28,9
DA:29,9
DA:30,9
DA:32,9
DA:35,9
DA:40,9
DA:61,9
DA:81,9
DA:99,9
LF:13
LH:13
BRF:0
BRH:0
end_of_record
TN:
SF:src/routes/checkout.routes.ts
FN:12,checkoutRoutes
FN:46,(anonymous_1)
FNF:2
FNH:1
FNDA:8,checkoutRoutes
FNDA:0,(anonymous_1)
DA:13,8
DA:15,8
DA:22,8
DA:24,8
DA:46,0
LF:5
LH:4
BRF:0
BRH:0
end_of_record
TN:
SF:src/routes/customer.routes.ts
FN:9,customerRoutes
FN:32,(anonymous_1)
FN:44,(anonymous_2)
FNF:3
FNH:1
FNDA:8,customerRoutes
FNDA:0,(anonymous_1)
FNDA:0,(anonymous_2)
DA:11,8
DA:14,8
DA:21,8
DA:32,0
DA:37,8
DA:44,0
LF:6
LH:4
BRF:0
BRH:0
end_of_record
TN:
SF:src/routes/health.routes.ts
FN:6,healthRoutes
FN:24,(anonymous_1)
FNF:2
FNH:2
FNDA:8,healthRoutes
FNDA:1,(anonymous_1)
DA:7,8
DA:9,8
DA:25,1
DA:26,1
LF:4
LH:4
BRDA:29,0,0,0
BRDA:29,0,1,1
BRF:2
BRH:1
end_of_record
TN:
SF:src/routes/order.routes.ts
FN:14,orderRoutes
FN:53,(anonymous_1)
FNF:2
FNH:1
FNDA:8,orderRoutes
FNDA:0,(anonymous_1)
DA:15,8
DA:18,8
DA:19,8
DA:20,8
DA:23,8
DA:24,8
DA:32,8
DA:34,8
DA:38,8
DA:53,0
LF:10
LH:9
BRF:0
BRH:0
end_of_record
TN:
SF:src/routes/product.routes.ts
FN:18,productRoutes
FNF:1
FNH:1
FNDA:8,productRoutes
DA:19,8
DA:21,8
DA:22,8
DA:23,8
DA:25,8
DA:29,8
DA:38,8
DA:52,8
DA:63,8
DA:75,8
LF:10
LH:10
BRF:0
BRH:0
end_of_record
TN:
SF:src/routes/routes.ts
FN:14,appRoutes
FN:25,(anonymous_1)
FN:37,(anonymous_2)
FNF:3
FNH:3
FNDA:8,appRoutes
FNDA:8,(anonymous_1)
FNDA:8,(anonymous_2)
DA:15,8
DA:19,8
DA:20,8
DA:21,8
DA:25,8
DA:26,8
DA:27,8
DA:29,8
DA:30,8
DA:31,8
DA:32,8
DA:37,8
DA:38,8
DA:39,8
DA:41,8
LF:15
LH:15
BRF:0
BRH:0
end_of_record
TN:
SF:src/schemas/auth.schema.ts
FNF:0
FNH:0
DA:6,9
DA:16,9
DA:26,9
LF:3
LH:3
BRF:0
BRH:0
end_of_record
TN:
SF:src/schemas/product.schema.ts
FN:38,(anonymous_0)
FNF:1
FNH:0
FNDA:0,(anonymous_0)
DA:6,8
DA:19,8
DA:30,8
DA:37,8
DA:38,0
DA:53,8
LF:6
LH:5
BRF:0
BRH:0
end_of_record
TN:
SF:src/services/admin.service.ts
FN:6,(anonymous_0)
FN:13,(anonymous_1)
FN:15,(anonymous_2)
FN:21,(anonymous_3)
FN:25,(anonymous_4)
FN:31,(anonymous_5)
FN:35,(anonymous_6)
FN:40,(anonymous_7)
FN:45,(anonymous_8)
FNF:9
FNH:3
FNDA:0,(anonymous_0)
FNDA:8,(anonymous_1)
FNDA:1,(anonymous_2)
FNDA:0,(anonymous_3)
FNDA:0,(anonymous_4)
FNDA:1,(anonymous_5)
FNDA:0,(anonymous_6)
FNDA:0,(anonymous_7)
FNDA:0,(anonymous_8)
DA:6,0
DA:7,0
DA:8,0
DA:13,8
DA:16,1
DA:17,1
DA:18,1
DA:22,0
DA:26,0
DA:27,0
DA:28,0
DA:32,1
DA:37,0
DA:41,0
DA:42,0
DA:46,0
DA:47,0
DA:49,0
DA:50,0
LF:19
LH:5
BRDA:6,0,0,0
BRDA:17,1,0,0
BRDA:27,2,0,0
BRDA:42,3,0,0
BRDA:47,4,0,0
BRDA:50,5,0,0
BRF:6
BRH:0
end_of_record
TN:
SF:src/services/auth.service.ts
FN:41,(anonymous_0)
FN:49,(anonymous_1)
FN:56,(anonymous_2)
FN:96,(anonymous_3)
FN:115,(anonymous_4)
FNF:5
FNH:5
FNDA:22,(anonymous_0)
FNDA:8,(anonymous_1)
FNDA:7,(anonymous_2)
FNDA:1,(anonymous_3)
FNDA:2,(anonymous_4)
DA:36,22
DA:42,22
DA:43,22
DA:50,8
DA:51,4
DA:53,4
DA:64,7
DA:68,7
DA:69,1
DA:72,6
DA:73,6
DA:74,1
DA:77,5
DA:79,5
DA:85,5
DA:97,1
DA:98,1
DA:100,1
DA:101,1
DA:106,1
DA:107,1
DA:117,2
DA:119,2
DA:121,2
DA:122,2
DA:127,2
DA:128,2
LF:27
LH:27
BRDA:42,0,0,15
BRDA:43,1,0,15
BRDA:50,2,0,4
BRDA:64,3,0,6
BRDA:64,3,1,1
BRDA:68,4,0,1
BRDA:68,5,0,7
BRDA:68,5,1,6
BRDA:73,6,0,1
BRDA:98,7,0,0
BRDA:119,8,0,0
BRF:11
BRH:9
end_of_record
TN:
SF:src/services/cart.service.ts
FN:24,(anonymous_0)
FN:35,(anonymous_1)
FN:59,(anonymous_2)
FN:86,(anonymous_3)
FN:92,(anonymous_4)
FN:99,(anonymous_5)
FN:101,(anonymous_6)
FN:119,(anonymous_7)
FNF:8
FNH:2
FNDA:9,(anonymous_0)
FNDA:1,(anonymous_1)
FNDA:0,(anonymous_2)
FNDA:0,(anonymous_3)
FNDA:0,(anonymous_4)
FNDA:0,(anonymous_5)
FNDA:0,(anonymous_6)
FNDA:0,(anonymous_7)
DA:28,9
DA:29,9
DA:36,1
DA:38,1
DA:39,1
DA:43,0
DA:44,0
DA:46,0
DA:60,0
DA:62,0
DA:63,0
DA:67,0
DA:68,0
DA:69,0
DA:72,0
DA:73,0
DA:77,0
DA:78,0
DA:79,0
DA:83,0
DA:87,0
DA:88,0
DA:89,0
DA:93,0
DA:100,0
DA:103,0
DA:104,0
DA:105,0
DA:106,0
DA:107,0
DA:112,0
DA:119,0
LF:32
LH:5
BRDA:28,0,0,9
BRDA:28,0,1,0
BRDA:29,1,0,9
BRDA:29,1,1,0
BRDA:38,2,0,1
BRDA:38,3,0,1
BRDA:38,3,1,0
BRDA:38,3,2,0
BRDA:62,4,0,0
BRDA:62,5,0,0
BRDA:62,5,1,0
BRDA:68,6,0,0
BRDA:72,7,0,0
BRDA:78,8,0,0
BRDA:103,9,0,0
BRDA:103,9,1,0
BRDA:104,10,0,0
BRDA:104,10,1,0
BRF:18
BRH:4
end_of_record
TN:
SF:src/services/checkout.service.ts
FN:27,(anonymous_0)
FN:34,(anonymous_1)
FN:56,(anonymous_2)
FN:97,(anonymous_3)
FNF:4
FNH:4
FNDA:20,(anonymous_0)
FNDA:4,(anonymous_1)
FNDA:4,(anonymous_2)
FNDA:1,(anonymous_3)
DA:28,20
DA:29,20
DA:30,20
DA:31,20
DA:36,4
DA:37,0
DA:41,4
DA:42,4
DA:43,0
DA:44,0
DA:47,4
DA:49,4
DA:50,4
DA:52,4
DA:53,4
DA:56,4
DA:57,4
DA:58,4
DA:59,1
DA:62,3
DA:63,3
DA:65,3
DA:66,3
DA:68,3
DA:69,1
DA:73,2
DA:79,2
DA:80,1
DA:83,1
DA:84,1
DA:86,1
DA:95,1
DA:97,1
DA:109,1
DA:110,1
DA:113,1
DA:117,1
DA:118,0
DA:122,1
DA:128,1
DA:131,3
DA:134,3
DA:135,0
DA:136,0
DA:139,3
DA:145,3
DA:147,4
DA:151,0
LF:48
LH:41
BRDA:36,0,0,0
BRDA:42,1,0,0
BRDA:58,2,0,1
BRDA:58,3,0,4
BRDA:58,3,1,4
BRDA:58,3,2,4
BRDA:68,4,0,1
BRDA:79,5,0,1
BRDA:117,6,0,0
BRDA:134,7,0,0
BRDA:134,8,0,3
BRDA:134,8,1,0
BRF:12
BRH:7
end_of_record
TN:
SF:src/services/customer.service.ts
FN:10,(anonymous_0)
FN:12,(anonymous_1)
FN:30,(anonymous_2)
FNF:3
FNH:3
FNDA:11,(anonymous_0)
FNDA:3,(anonymous_1)
FNDA:1,(anonymous_2)
DA:10,11
DA:13,3
DA:15,3
DA:18,1
DA:21,1
DA:23,1
DA:31,1
LF:7
LH:7
BRDA:15,0,0,2
BRDA:18,1,0,1
BRDA:18,1,1,0
BRDA:25,2,0,1
BRDA:25,2,1,0
BRF:5
BRH:3
end_of_record
TN:
SF:src/services/order.service.ts
FN:7,(anonymous_0)
FN:12,(anonymous_1)
FN:28,(anonymous_2)
FN:38,(anonymous_3)
FN:39,(anonymous_4)
FN:40,(anonymous_5)
FNF:6
FNH:4
FNDA:12,(anonymous_0)
FNDA:2,(anonymous_1)
FNDA:0,(anonymous_2)
FNDA:0,(anonymous_3)
FNDA:1,(anonymous_4)
FNDA:1,(anonymous_5)
DA:8,12
DA:9,12
DA:13,2
DA:15,2
DA:16,1
DA:19,1
DA:20,1
DA:22,1
DA:25,1
DA:26,0
DA:27,0
DA:29,0
DA:35,1
DA:38,0
DA:39,1
DA:40,1
LF:16
LH:12
BRDA:15,0,0,1
BRDA:20,1,0,0
BRDA:22,2,0,0
BRDA:25,3,0,0
BRF:4
BRH:1
end_of_record
TN:
SF:src/services/product.service.ts
FN:21,(anonymous_0)
FN:23,(anonymous_1)
FN:42,(anonymous_2)
FN:46,(anonymous_3)
FN:60,(anonymous_4)
FN:69,(anonymous_5)
FN:83,(anonymous_6)
FNF:7
FNH:6
FNDA:17,(anonymous_0)
FNDA:3,(anonymous_1)
FNDA:1,(anonymous_2)
FNDA:0,(anonymous_3)
FNDA:5,(anonymous_4)
FNDA:2,(anonymous_5)
FNDA:2,(anonymous_6)
DA:21,17
DA:25,3
DA:27,3
DA:29,3
DA:30,1
DA:32,1
DA:34,2
DA:35,2
DA:36,1
DA:38,1
DA:43,1
DA:46,1
DA:48,1
DA:61,5
DA:62,5
DA:63,1
DA:64,1
DA:66,4
DA:70,2
DA:73,1
DA:74,1
DA:77,1
DA:78,1
DA:80,1
DA:84,2
DA:87,2
DA:88,1
DA:89,1
DA:92,1
LF:29
LH:29
BRDA:32,0,0,0
BRDA:32,0,1,1
BRDA:35,1,0,1
BRDA:42,2,0,0
BRDA:42,3,0,0
BRDA:46,4,0,0
BRDA:46,4,1,0
BRDA:54,5,0,1
BRDA:54,5,1,1
BRDA:62,6,0,1
BRDA:66,7,0,4
BRDA:66,7,1,0
BRDA:73,8,0,1
BRDA:73,9,0,1
BRDA:73,9,1,1
BRDA:78,10,0,0
BRDA:80,11,0,0
BRDA:80,11,1,1
BRDA:87,12,0,1
BRF:19
BRH:11
end_of_record
TN:
SF:src/types/order.type.ts
FNF:0
FNH:0
DA:3,13
LF:1
LH:1
BRF:0
BRH:0
end_of_record
TN:
SF:src/utils/error.handler.ts
FN:4,(anonymous_0)
FNF:1
FNH:1
FNDA:2,(anonymous_0)
DA:4,8
DA:9,2
DA:13,2
DA:14,2
DA:22,0
DA:23,0
DA:30,0
DA:31,0
DA:38,0
DA:41,0
LF:10
LH:4
BRDA:13,0,0,2
BRDA:13,1,0,2
BRDA:13,1,1,2
BRDA:13,1,2,2
BRDA:17,2,0,0
BRDA:17,2,1,2
BRDA:22,3,0,0
BRDA:22,4,0,0
BRDA:22,4,1,0
BRDA:25,5,0,0
BRDA:25,5,1,0
BRDA:30,6,0,0
BRDA:30,7,0,0
BRDA:30,7,1,0
BRDA:41,8,0,0
BRDA:41,8,1,0
BRDA:43,9,0,0
BRDA:43,9,1,0
BRDA:44,10,0,0
BRDA:44,10,1,0
BRF:20
BRH:5
end_of_record
TN:
SF:src/utils/errors.ts
FN:5,(anonymous_0)
FN:15,(anonymous_1)
FN:19,(anonymous_2)
FN:23,(anonymous_3)
FN:27,(anonymous_4)
FN:31,(anonymous_5)
FN:35,(anonymous_6)
FNF:7
FNH:6
FNDA:8,(anonymous_0)
FNDA:0,(anonymous_1)
FNDA:1,(anonymous_2)
FNDA:1,(anonymous_3)
FNDA:1,(anonymous_4)
FNDA:2,(anonymous_5)
FNDA:1,(anonymous_6)
DA:6,8
DA:7,8
DA:8,8
DA:9,8
DA:10,8
DA:15,0
DA:19,1
DA:23,1
DA:27,1
DA:31,2
DA:35,1
LF:11
LH:10
BRDA:5,0,0,1
BRDA:5,1,0,8
BRDA:15,2,0,0
BRDA:23,3,0,1
BRDA:27,4,0,1
BRDA:31,5,0,1
BRDA:35,6,0,1
BRF:7
BRH:6
end_of_record
TN:
SF:tests/helpers/mongo-memory.ts
FN:6,(anonymous_0)
FN:27,(anonymous_1)
FN:36,(anonymous_2)
FNF:3
FNH:3
FNDA:10,(anonymous_0)
FNDA:10,(anonymous_1)
FNDA:20,(anonymous_2)
DA:6,10
DA:7,10
DA:9,10
DA:16,10
DA:18,10
DA:24,10
DA:27,10
DA:28,10
DA:29,10
DA:31,10
DA:32,10
DA:36,10
DA:38,20
DA:40,20
DA:41,20
DA:42,57
DA:47,10
DA:48,10
DA:49,10
LF:19
LH:19
BRDA:7,0,0,0
BRDA:28,1,0,10
BRDA:31,2,0,10
BRDA:38,3,0,0
BRF:4
BRH:2
end_of_record
